2025-12-09 15:12:30.977 [IPController] Hub listening on tcp://127.0.0.1:51453 for registration.
2025-12-09 15:12:30.984 [IPController] Hub using DB backend: DictDB
2025-12-09 15:12:31.236 [IPController] hub::created hub
2025-12-09 15:12:31.237 [IPController] writing connection info to /cfs/klemming/home/m/metog/snudda_test/synaptic_fitting/.ipython/profile_default/security/ipcontroller-client.json
2025-12-09 15:12:31.238 [IPController] writing connection info to /cfs/klemming/home/m/metog/snudda_test/synaptic_fitting/.ipython/profile_default/security/ipcontroller-engine.json
2025-12-09 15:12:31.240 [IPController] task::using Python leastload Task scheduler
2025-12-09 15:12:31.271 [IPController] Heartmonitor beating every 3000ms
2025-12-09 15:12:31.274 [broadcast-00] BroadcastScheduler 00 started
2025-12-09 15:12:31.275 [broadcast-0] BroadcastScheduler 0 started
2025-12-09 15:12:31.275 [broadcast-01] BroadcastScheduler 01 started
2025-12-09 15:12:31.274 [task] Task scheduler started [leastload]
2025-12-09 15:12:31.292 [IPController] client::client b'\x00k\x8bEg' requested 'connection_request'
2025-12-09 15:12:31.292 [IPController] client::client [b'\x00k\x8bEg'] connected
2025-12-09 15:12:31.296 [IPController] heartbeat::waiting for subscription
2025-12-09 15:12:31.306 [IPController] heartbeat::subscription started
2025-12-09 15:12:32.462 [IPController] client::client b'96b5f6fb-80d5976ea2766cf18abedcfd' requested 'registration_request'
2025-12-09 15:12:32.463 [IPController] registration::accepting registration 0:96b5f6fb-80d5976ea2766cf18abedcfd
2025-12-09 15:12:32.464 [IPController] client::client b'ca835d12-bd03fb479cb9311278167803' requested 'registration_request'
2025-12-09 15:12:32.464 [IPController] registration::accepting registration 1:ca835d12-bd03fb479cb9311278167803
2025-12-09 15:12:32.464 [IPController] client::client b'b73ee9df-5b8ff742d7331a217e319ced' requested 'registration_request'
2025-12-09 15:12:32.465 [IPController] registration::accepting registration 2:b73ee9df-5b8ff742d7331a217e319ced
2025-12-09 15:12:32.465 [IPController] client::client b'93d34065-a0fcc904bdf7ba30094dfba5' requested 'registration_request'
2025-12-09 15:12:32.465 [IPController] registration::accepting registration 3:93d34065-a0fcc904bdf7ba30094dfba5
2025-12-09 15:12:32.466 [IPController] client::client b'5d930f12-3aaca92df3611ec75b118672' requested 'registration_request'
2025-12-09 15:12:32.466 [IPController] registration::accepting registration 4:5d930f12-3aaca92df3611ec75b118672
2025-12-09 15:12:32.602 [IPController] client::client b'6f48a448-6b1e17376754ac222b600b95' requested 'registration_request'
2025-12-09 15:12:32.603 [IPController] registration::accepting registration 5:6f48a448-6b1e17376754ac222b600b95
2025-12-09 15:12:32.771 [IPController] client::client b'164182db-330b67b3bbe6475234058106' requested 'registration_request'
2025-12-09 15:12:32.771 [IPController] registration::accepting registration 6:164182db-330b67b3bbe6475234058106
2025-12-09 15:12:32.801 [IPController] client::client b'a214e21a-e2af7f385af805e3ef32baf3' requested 'registration_request'
2025-12-09 15:12:32.802 [IPController] registration::accepting registration 7:a214e21a-e2af7f385af805e3ef32baf3
2025-12-09 15:12:32.898 [IPController] client::client b'1f52cae5-a59dda50e0121df92ce43b10' requested 'registration_request'
2025-12-09 15:12:32.899 [IPController] registration::accepting registration 8:1f52cae5-a59dda50e0121df92ce43b10
2025-12-09 15:12:33.027 [IPController] client::client b'c35d2b88-aac678996baae2a94c2fde15' requested 'registration_request'
2025-12-09 15:12:33.028 [IPController] registration::accepting registration 9:c35d2b88-aac678996baae2a94c2fde15
2025-12-09 15:12:33.081 [IPController] client::client b'6efd0d9a-db0139ea504e1aab7aa1f8f4' requested 'registration_request'
2025-12-09 15:12:33.081 [IPController] registration::accepting registration 10:6efd0d9a-db0139ea504e1aab7aa1f8f4
2025-12-09 15:12:33.282 [IPController] client::client b'3234c65e-c1f24016aebe08b1f55017ad' requested 'registration_request'
2025-12-09 15:12:33.283 [IPController] registration::accepting registration 11:3234c65e-c1f24016aebe08b1f55017ad
2025-12-09 15:12:33.313 [IPController] client::client b'e9bb6557-c753767e12584c14d7d24be8' requested 'registration_request'
2025-12-09 15:12:33.313 [IPController] registration::accepting registration 12:e9bb6557-c753767e12584c14d7d24be8
2025-12-09 15:12:33.712 [IPController] client::client b'909d2442-ec1bac7081cee17dad98db90' requested 'registration_request'
2025-12-09 15:12:33.713 [IPController] registration::accepting registration 13:909d2442-ec1bac7081cee17dad98db90
2025-12-09 15:12:33.714 [IPController] client::client b'ffac010f-0cc2c82cf45147661ebe1247' requested 'registration_request'
2025-12-09 15:12:33.714 [IPController] registration::accepting registration 14:ffac010f-0cc2c82cf45147661ebe1247
2025-12-09 15:12:33.715 [IPController] client::client b'5a8d91fa-7b4b9e2eeb0ff47e0a11320c' requested 'registration_request'
2025-12-09 15:12:33.715 [IPController] registration::accepting registration 15:5a8d91fa-7b4b9e2eeb0ff47e0a11320c
2025-12-09 15:12:33.844 [IPController] client::client b'124f02a7-8b3c788f8b79ffc9832c03a5' requested 'registration_request'
2025-12-09 15:12:33.844 [IPController] registration::accepting registration 16:124f02a7-8b3c788f8b79ffc9832c03a5
2025-12-09 15:12:33.902 [IPController] client::client b'cf39cf0e-25d0e104c4963ea56d60534b' requested 'registration_request'
2025-12-09 15:12:33.903 [IPController] registration::accepting registration 17:cf39cf0e-25d0e104c4963ea56d60534b
2025-12-09 15:12:34.033 [IPController] client::client b'616892c1-bd0b4c221af1a478f8fa1f3b' requested 'registration_request'
2025-12-09 15:12:34.033 [IPController] registration::accepting registration 18:616892c1-bd0b4c221af1a478f8fa1f3b
2025-12-09 15:12:34.104 [IPController] client::client b'6e438c5e-3ed03358181f72ba43c040ff' requested 'registration_request'
2025-12-09 15:12:34.104 [IPController] registration::accepting registration 19:6e438c5e-3ed03358181f72ba43c040ff
2025-12-09 15:12:37.310 [IPController] Notifying hub of 13 new hearts
2025-12-09 15:12:37.313 [IPController] Registering 13 new hearts
2025-12-09 15:12:37.313 [IPController] registration::finished registering engine 3:93d34065-a0fcc904bdf7ba30094dfba5 in 4847ms
2025-12-09 15:12:37.313 [IPController] engine::Engine Connected: 3
2025-12-09 15:12:37.315 [IPController] registration::finished registering engine 6:164182db-330b67b3bbe6475234058106 in 4543ms
2025-12-09 15:12:37.315 [IPController] engine::Engine Connected: 6
2025-12-09 15:12:37.317 [IPController] registration::finished registering engine 11:3234c65e-c1f24016aebe08b1f55017ad in 4033ms
2025-12-09 15:12:37.317 [IPController] engine::Engine Connected: 11
2025-12-09 15:12:37.318 [IPController] registration::finished registering engine 9:c35d2b88-aac678996baae2a94c2fde15 in 4290ms
2025-12-09 15:12:37.318 [IPController] engine::Engine Connected: 9
2025-12-09 15:12:37.319 [IPController] registration::finished registering engine 12:e9bb6557-c753767e12584c14d7d24be8 in 4005ms
2025-12-09 15:12:37.320 [IPController] engine::Engine Connected: 12
2025-12-09 15:12:37.321 [IPController] registration::finished registering engine 4:5d930f12-3aaca92df3611ec75b118672 in 4854ms
2025-12-09 15:12:37.321 [IPController] engine::Engine Connected: 4
2025-12-09 15:12:37.322 [IPController] registration::finished registering engine 8:1f52cae5-a59dda50e0121df92ce43b10 in 4423ms
2025-12-09 15:12:37.322 [IPController] engine::Engine Connected: 8
2025-12-09 15:12:37.323 [IPController] registration::finished registering engine 10:6efd0d9a-db0139ea504e1aab7aa1f8f4 in 4242ms
2025-12-09 15:12:37.324 [IPController] engine::Engine Connected: 10
2025-12-09 15:12:37.325 [IPController] registration::finished registering engine 5:6f48a448-6b1e17376754ac222b600b95 in 4722ms
2025-12-09 15:12:37.325 [IPController] engine::Engine Connected: 5
2025-12-09 15:12:37.326 [IPController] registration::finished registering engine 0:96b5f6fb-80d5976ea2766cf18abedcfd in 4863ms
2025-12-09 15:12:37.327 [IPController] engine::Engine Connected: 0
2025-12-09 15:12:37.328 [IPController] registration::finished registering engine 2:b73ee9df-5b8ff742d7331a217e319ced in 4863ms
2025-12-09 15:12:37.328 [IPController] engine::Engine Connected: 2
2025-12-09 15:12:37.329 [IPController] registration::finished registering engine 7:a214e21a-e2af7f385af805e3ef32baf3 in 4527ms
2025-12-09 15:12:37.330 [IPController] engine::Engine Connected: 7
2025-12-09 15:12:37.331 [IPController] registration::finished registering engine 1:ca835d12-bd03fb479cb9311278167803 in 4866ms
2025-12-09 15:12:37.331 [IPController] engine::Engine Connected: 1
2025-12-09 15:12:40.311 [IPController] Notifying hub of 7 new hearts
2025-12-09 15:12:40.312 [IPController] Registering 7 new hearts
2025-12-09 15:12:40.313 [IPController] registration::finished registering engine 13:909d2442-ec1bac7081cee17dad98db90 in 6599ms
2025-12-09 15:12:40.313 [IPController] engine::Engine Connected: 13
2025-12-09 15:12:40.315 [IPController] registration::finished registering engine 14:ffac010f-0cc2c82cf45147661ebe1247 in 6601ms
2025-12-09 15:12:40.315 [IPController] engine::Engine Connected: 14
2025-12-09 15:12:40.317 [IPController] registration::finished registering engine 16:124f02a7-8b3c788f8b79ffc9832c03a5 in 6472ms
2025-12-09 15:12:40.317 [IPController] engine::Engine Connected: 16
2025-12-09 15:12:40.319 [IPController] registration::finished registering engine 17:cf39cf0e-25d0e104c4963ea56d60534b in 6415ms
2025-12-09 15:12:40.319 [IPController] engine::Engine Connected: 17
2025-12-09 15:12:40.321 [IPController] registration::finished registering engine 19:6e438c5e-3ed03358181f72ba43c040ff in 6216ms
2025-12-09 15:12:40.321 [IPController] engine::Engine Connected: 19
2025-12-09 15:12:40.323 [IPController] registration::finished registering engine 18:616892c1-bd0b4c221af1a478f8fa1f3b in 6289ms
2025-12-09 15:12:40.323 [IPController] engine::Engine Connected: 18
2025-12-09 15:12:40.325 [IPController] registration::finished registering engine 15:5a8d91fa-7b4b9e2eeb0ff47e0a11320c in 6609ms
2025-12-09 15:12:40.325 [IPController] engine::Engine Connected: 15
2025-12-09 15:12:51.179 [IPController] client::client b'\x00k\x8bEk' requested 'connection_request'
2025-12-09 15:12:51.180 [IPController] client::client [b'\x00k\x8bEk'] connected
2025-12-09 15:12:51.951 [IPController] queue::client b'\x00\xf4\xb0\xdcQ' submitted request '7941038b-b90ec61798b369234a876769_538343_1' to 0
2025-12-09 15:12:51.952 [IPController] queue::client b'\x00\xf4\xb0\xdcQ' submitted request '7941038b-b90ec61798b369234a876769_538343_2' to 1
2025-12-09 15:12:51.953 [IPController] queue::client b'\x00\xf4\xb0\xdcQ' submitted request '7941038b-b90ec61798b369234a876769_538343_3' to 2
2025-12-09 15:12:51.953 [IPController] queue::client b'\x00\xf4\xb0\xdcQ' submitted request '7941038b-b90ec61798b369234a876769_538343_4' to 3
2025-12-09 15:12:51.953 [IPController] queue::client b'\x00\xf4\xb0\xdcQ' submitted request '7941038b-b90ec61798b369234a876769_538343_5' to 4
2025-12-09 15:12:51.954 [IPController] queue::client b'\x00\xf4\xb0\xdcQ' submitted request '7941038b-b90ec61798b369234a876769_538343_6' to 5
2025-12-09 15:12:51.954 [IPController] queue::client b'\x00\xf4\xb0\xdcQ' submitted request '7941038b-b90ec61798b369234a876769_538343_7' to 6
2025-12-09 15:12:51.954 [IPController] queue::client b'\x00\xf4\xb0\xdcQ' submitted request '7941038b-b90ec61798b369234a876769_538343_8' to 7
2025-12-09 15:12:51.954 [IPController] queue::client b'\x00\xf4\xb0\xdcQ' submitted request '7941038b-b90ec61798b369234a876769_538343_9' to 8
2025-12-09 15:12:51.955 [IPController] queue::client b'\x00\xf4\xb0\xdcQ' submitted request '7941038b-b90ec61798b369234a876769_538343_10' to 9
2025-12-09 15:12:51.955 [IPController] queue::client b'\x00\xf4\xb0\xdcQ' submitted request '7941038b-b90ec61798b369234a876769_538343_11' to 10
2025-12-09 15:12:51.955 [IPController] queue::client b'\x00\xf4\xb0\xdcQ' submitted request '7941038b-b90ec61798b369234a876769_538343_12' to 11
2025-12-09 15:12:51.956 [IPController] queue::client b'\x00\xf4\xb0\xdcQ' submitted request '7941038b-b90ec61798b369234a876769_538343_13' to 12
2025-12-09 15:12:51.956 [IPController] queue::client b'\x00\xf4\xb0\xdcQ' submitted request '7941038b-b90ec61798b369234a876769_538343_14' to 13
2025-12-09 15:12:51.958 [IPController] queue::client b'\x00\xf4\xb0\xdcQ' submitted request '7941038b-b90ec61798b369234a876769_538343_15' to 14
2025-12-09 15:12:51.959 [IPController] queue::client b'\x00\xf4\xb0\xdcQ' submitted request '7941038b-b90ec61798b369234a876769_538343_16' to 15
2025-12-09 15:12:51.960 [IPController] queue::client b'\x00\xf4\xb0\xdcQ' submitted request '7941038b-b90ec61798b369234a876769_538343_17' to 16
2025-12-09 15:12:51.960 [IPController] queue::client b'\x00\xf4\xb0\xdcQ' submitted request '7941038b-b90ec61798b369234a876769_538343_18' to 17
2025-12-09 15:12:51.961 [IPController] queue::client b'\x00\xf4\xb0\xdcQ' submitted request '7941038b-b90ec61798b369234a876769_538343_19' to 18
2025-12-09 15:12:51.961 [IPController] queue::client b'\x00\xf4\xb0\xdcQ' submitted request '7941038b-b90ec61798b369234a876769_538343_20' to 19
2025-12-09 15:12:51.963 [IPController] queue::client b'\x00\xf4\xb0\xdcQ' submitted request '7941038b-b90ec61798b369234a876769_538343_21' to 0
2025-12-09 15:12:51.963 [IPController] queue::client b'\x00\xf4\xb0\xdcQ' submitted request '7941038b-b90ec61798b369234a876769_538343_22' to 1
2025-12-09 15:12:51.963 [IPController] queue::client b'\x00\xf4\xb0\xdcQ' submitted request '7941038b-b90ec61798b369234a876769_538343_23' to 2
2025-12-09 15:12:51.966 [IPController] queue::client b'\x00\xf4\xb0\xdcQ' submitted request '7941038b-b90ec61798b369234a876769_538343_24' to 3
2025-12-09 15:12:51.967 [IPController] queue::client b'\x00\xf4\xb0\xdcQ' submitted request '7941038b-b90ec61798b369234a876769_538343_25' to 4
2025-12-09 15:12:51.967 [IPController] queue::client b'\x00\xf4\xb0\xdcQ' submitted request '7941038b-b90ec61798b369234a876769_538343_26' to 5
2025-12-09 15:12:51.968 [IPController] queue::client b'\x00\xf4\xb0\xdcQ' submitted request '7941038b-b90ec61798b369234a876769_538343_27' to 6
2025-12-09 15:12:51.968 [IPController] queue::client b'\x00\xf4\xb0\xdcQ' submitted request '7941038b-b90ec61798b369234a876769_538343_28' to 7
2025-12-09 15:12:51.969 [IPController] queue::client b'\x00\xf4\xb0\xdcQ' submitted request '7941038b-b90ec61798b369234a876769_538343_29' to 8
2025-12-09 15:12:51.969 [IPController] queue::client b'\x00\xf4\xb0\xdcQ' submitted request '7941038b-b90ec61798b369234a876769_538343_30' to 9
2025-12-09 15:12:51.969 [IPController] queue::client b'\x00\xf4\xb0\xdcQ' submitted request '7941038b-b90ec61798b369234a876769_538343_31' to 10
2025-12-09 15:12:51.969 [IPController] queue::client b'\x00\xf4\xb0\xdcQ' submitted request '7941038b-b90ec61798b369234a876769_538343_32' to 11
2025-12-09 15:12:51.970 [IPController] queue::client b'\x00\xf4\xb0\xdcQ' submitted request '7941038b-b90ec61798b369234a876769_538343_33' to 12
2025-12-09 15:12:51.970 [IPController] queue::client b'\x00\xf4\xb0\xdcQ' submitted request '7941038b-b90ec61798b369234a876769_538343_34' to 13
2025-12-09 15:12:51.970 [IPController] queue::client b'\x00\xf4\xb0\xdcQ' submitted request '7941038b-b90ec61798b369234a876769_538343_35' to 14
2025-12-09 15:12:51.970 [IPController] queue::client b'\x00\xf4\xb0\xdcQ' submitted request '7941038b-b90ec61798b369234a876769_538343_36' to 15
2025-12-09 15:12:51.971 [IPController] queue::client b'\x00\xf4\xb0\xdcQ' submitted request '7941038b-b90ec61798b369234a876769_538343_37' to 16
2025-12-09 15:12:51.971 [IPController] queue::client b'\x00\xf4\xb0\xdcQ' submitted request '7941038b-b90ec61798b369234a876769_538343_38' to 17
2025-12-09 15:12:51.972 [IPController] queue::client b'\x00\xf4\xb0\xdcQ' submitted request '7941038b-b90ec61798b369234a876769_538343_39' to 18
2025-12-09 15:12:51.974 [IPController] queue::client b'\x00\xf4\xb0\xdcQ' submitted request '7941038b-b90ec61798b369234a876769_538343_40' to 19
2025-12-09 15:12:51.978 [IPController] queue::client b'\x00\xf4\xb0\xdcQ' submitted request '7941038b-b90ec61798b369234a876769_538343_41' to 0
2025-12-09 15:12:51.978 [IPController] queue::client b'\x00\xf4\xb0\xdcQ' submitted request '7941038b-b90ec61798b369234a876769_538343_42' to 1
2025-12-09 15:12:51.979 [IPController] queue::client b'\x00\xf4\xb0\xdcQ' submitted request '7941038b-b90ec61798b369234a876769_538343_43' to 2
2025-12-09 15:12:51.979 [IPController] queue::client b'\x00\xf4\xb0\xdcQ' submitted request '7941038b-b90ec61798b369234a876769_538343_44' to 3
2025-12-09 15:12:51.979 [IPController] queue::client b'\x00\xf4\xb0\xdcQ' submitted request '7941038b-b90ec61798b369234a876769_538343_45' to 4
2025-12-09 15:12:51.980 [IPController] queue::client b'\x00\xf4\xb0\xdcQ' submitted request '7941038b-b90ec61798b369234a876769_538343_46' to 5
2025-12-09 15:12:51.980 [IPController] queue::client b'\x00\xf4\xb0\xdcQ' submitted request '7941038b-b90ec61798b369234a876769_538343_47' to 6
2025-12-09 15:12:51.980 [IPController] queue::client b'\x00\xf4\xb0\xdcQ' submitted request '7941038b-b90ec61798b369234a876769_538343_48' to 7
2025-12-09 15:12:51.980 [IPController] queue::client b'\x00\xf4\xb0\xdcQ' submitted request '7941038b-b90ec61798b369234a876769_538343_49' to 8
2025-12-09 15:12:51.980 [IPController] queue::client b'\x00\xf4\xb0\xdcQ' submitted request '7941038b-b90ec61798b369234a876769_538343_50' to 9
2025-12-09 15:12:51.981 [IPController] queue::client b'\x00\xf4\xb0\xdcQ' submitted request '7941038b-b90ec61798b369234a876769_538343_51' to 10
2025-12-09 15:12:51.981 [IPController] queue::client b'\x00\xf4\xb0\xdcQ' submitted request '7941038b-b90ec61798b369234a876769_538343_52' to 11
2025-12-09 15:12:51.981 [IPController] queue::client b'\x00\xf4\xb0\xdcQ' submitted request '7941038b-b90ec61798b369234a876769_538343_53' to 12
2025-12-09 15:12:51.983 [IPController] queue::client b'\x00\xf4\xb0\xdcQ' submitted request '7941038b-b90ec61798b369234a876769_538343_54' to 13
2025-12-09 15:12:51.984 [IPController] queue::client b'\x00\xf4\xb0\xdcQ' submitted request '7941038b-b90ec61798b369234a876769_538343_55' to 14
2025-12-09 15:12:51.984 [IPController] queue::client b'\x00\xf4\xb0\xdcQ' submitted request '7941038b-b90ec61798b369234a876769_538343_56' to 15
2025-12-09 15:12:51.984 [IPController] queue::client b'\x00\xf4\xb0\xdcQ' submitted request '7941038b-b90ec61798b369234a876769_538343_57' to 16
2025-12-09 15:12:51.985 [IPController] queue::client b'\x00\xf4\xb0\xdcQ' submitted request '7941038b-b90ec61798b369234a876769_538343_58' to 17
2025-12-09 15:12:51.985 [IPController] queue::client b'\x00\xf4\xb0\xdcQ' submitted request '7941038b-b90ec61798b369234a876769_538343_59' to 18
2025-12-09 15:12:51.985 [IPController] queue::client b'\x00\xf4\xb0\xdcQ' submitted request '7941038b-b90ec61798b369234a876769_538343_60' to 19
2025-12-09 15:12:51.987 [IPController] queue::client b'\x00\xf4\xb0\xdcQ' submitted request '7941038b-b90ec61798b369234a876769_538343_61' to 0
2025-12-09 15:12:51.987 [IPController] queue::client b'\x00\xf4\xb0\xdcQ' submitted request '7941038b-b90ec61798b369234a876769_538343_62' to 1
2025-12-09 15:12:51.987 [IPController] queue::client b'\x00\xf4\xb0\xdcQ' submitted request '7941038b-b90ec61798b369234a876769_538343_63' to 2
2025-12-09 15:12:51.988 [IPController] queue::client b'\x00\xf4\xb0\xdcQ' submitted request '7941038b-b90ec61798b369234a876769_538343_64' to 3
2025-12-09 15:12:51.988 [IPController] queue::client b'\x00\xf4\xb0\xdcQ' submitted request '7941038b-b90ec61798b369234a876769_538343_65' to 4
2025-12-09 15:12:51.988 [IPController] queue::client b'\x00\xf4\xb0\xdcQ' submitted request '7941038b-b90ec61798b369234a876769_538343_66' to 5
2025-12-09 15:12:51.989 [IPController] queue::client b'\x00\xf4\xb0\xdcQ' submitted request '7941038b-b90ec61798b369234a876769_538343_67' to 6
2025-12-09 15:12:51.989 [IPController] queue::client b'\x00\xf4\xb0\xdcQ' submitted request '7941038b-b90ec61798b369234a876769_538343_68' to 7
2025-12-09 15:12:51.989 [IPController] queue::client b'\x00\xf4\xb0\xdcQ' submitted request '7941038b-b90ec61798b369234a876769_538343_69' to 8
2025-12-09 15:12:51.989 [IPController] queue::client b'\x00\xf4\xb0\xdcQ' submitted request '7941038b-b90ec61798b369234a876769_538343_70' to 9
2025-12-09 15:12:51.989 [IPController] queue::client b'\x00\xf4\xb0\xdcQ' submitted request '7941038b-b90ec61798b369234a876769_538343_71' to 10
2025-12-09 15:12:51.990 [IPController] queue::client b'\x00\xf4\xb0\xdcQ' submitted request '7941038b-b90ec61798b369234a876769_538343_72' to 11
2025-12-09 15:12:51.990 [IPController] queue::client b'\x00\xf4\xb0\xdcQ' submitted request '7941038b-b90ec61798b369234a876769_538343_73' to 12
2025-12-09 15:12:51.990 [IPController] queue::client b'\x00\xf4\xb0\xdcQ' submitted request '7941038b-b90ec61798b369234a876769_538343_74' to 13
2025-12-09 15:12:51.990 [IPController] queue::client b'\x00\xf4\xb0\xdcQ' submitted request '7941038b-b90ec61798b369234a876769_538343_75' to 14
2025-12-09 15:12:51.991 [IPController] queue::client b'\x00\xf4\xb0\xdcQ' submitted request '7941038b-b90ec61798b369234a876769_538343_76' to 15
2025-12-09 15:12:51.991 [IPController] queue::client b'\x00\xf4\xb0\xdcQ' submitted request '7941038b-b90ec61798b369234a876769_538343_77' to 16
2025-12-09 15:12:51.991 [IPController] queue::client b'\x00\xf4\xb0\xdcQ' submitted request '7941038b-b90ec61798b369234a876769_538343_78' to 17
2025-12-09 15:12:51.991 [IPController] queue::client b'\x00\xf4\xb0\xdcQ' submitted request '7941038b-b90ec61798b369234a876769_538343_79' to 18
2025-12-09 15:12:51.992 [IPController] queue::client b'\x00\xf4\xb0\xdcQ' submitted request '7941038b-b90ec61798b369234a876769_538343_80' to 19
2025-12-09 15:12:52.158 [IPController] queue::request '7941038b-b90ec61798b369234a876769_538343_16' completed on 15
2025-12-09 15:12:52.177 [IPController] queue::request '7941038b-b90ec61798b369234a876769_538343_7' completed on 6
2025-12-09 15:12:52.178 [IPController] queue::request '7941038b-b90ec61798b369234a876769_538343_12' completed on 11
2025-12-09 15:12:52.178 [IPController] queue::request '7941038b-b90ec61798b369234a876769_538343_14' completed on 13
2025-12-09 15:12:52.179 [IPController] queue::request '7941038b-b90ec61798b369234a876769_538343_15' completed on 14
2025-12-09 15:12:52.258 [IPController] queue::request '7941038b-b90ec61798b369234a876769_538343_9' completed on 8
2025-12-09 15:12:52.275 [IPController] queue::request '7941038b-b90ec61798b369234a876769_538343_1' completed on 0
2025-12-09 15:12:52.276 [IPController] queue::request '7941038b-b90ec61798b369234a876769_538343_3' completed on 2
2025-12-09 15:12:52.288 [IPController] queue::request '7941038b-b90ec61798b369234a876769_538343_11' completed on 10
2025-12-09 15:12:52.339 [IPController] queue::request '7941038b-b90ec61798b369234a876769_538343_2' completed on 1
2025-12-09 15:12:52.349 [IPController] queue::request '7941038b-b90ec61798b369234a876769_538343_20' completed on 19
2025-12-09 15:12:52.459 [IPController] queue::request '7941038b-b90ec61798b369234a876769_538343_10' completed on 9
2025-12-09 15:12:52.463 [IPController] queue::request '7941038b-b90ec61798b369234a876769_538343_6' completed on 5
2025-12-09 15:12:52.471 [IPController] queue::request '7941038b-b90ec61798b369234a876769_538343_5' completed on 4
2025-12-09 15:12:52.477 [IPController] queue::request '7941038b-b90ec61798b369234a876769_538343_13' completed on 12
2025-12-09 15:12:52.538 [IPController] queue::request '7941038b-b90ec61798b369234a876769_538343_17' completed on 16
2025-12-09 15:12:52.767 [IPController] queue::request '7941038b-b90ec61798b369234a876769_538343_19' completed on 18
2025-12-09 15:12:52.777 [IPController] queue::request '7941038b-b90ec61798b369234a876769_538343_8' completed on 7
2025-12-09 15:12:52.784 [IPController] queue::request '7941038b-b90ec61798b369234a876769_538343_4' completed on 3
2025-12-09 15:12:52.813 [IPController] queue::request '7941038b-b90ec61798b369234a876769_538343_18' completed on 17
2025-12-09 15:12:54.299 [IPController] queue::request '7941038b-b90ec61798b369234a876769_538343_22' completed on 1
2025-12-09 15:12:54.309 [IPController] queue::request '7941038b-b90ec61798b369234a876769_538343_37' completed on 16
2025-12-09 15:12:54.314 [IPController] queue::request '7941038b-b90ec61798b369234a876769_538343_23' completed on 2
2025-12-09 15:12:54.315 [IPController] queue::request '7941038b-b90ec61798b369234a876769_538343_27' completed on 6
2025-12-09 15:12:54.317 [IPController] queue::request '7941038b-b90ec61798b369234a876769_538343_21' completed on 0
2025-12-09 15:12:54.319 [IPController] queue::request '7941038b-b90ec61798b369234a876769_538343_34' completed on 13
2025-12-09 15:12:54.326 [IPController] queue::request '7941038b-b90ec61798b369234a876769_538343_40' completed on 19
2025-12-09 15:12:54.327 [IPController] queue::request '7941038b-b90ec61798b369234a876769_538343_32' completed on 11
2025-12-09 15:12:54.330 [IPController] queue::request '7941038b-b90ec61798b369234a876769_538343_30' completed on 9
2025-12-09 15:12:54.330 [IPController] queue::request '7941038b-b90ec61798b369234a876769_538343_36' completed on 15
2025-12-09 15:12:54.335 [IPController] queue::request '7941038b-b90ec61798b369234a876769_538343_29' completed on 8
2025-12-09 15:12:54.348 [IPController] queue::request '7941038b-b90ec61798b369234a876769_538343_31' completed on 10
2025-12-09 15:12:54.356 [IPController] queue::request '7941038b-b90ec61798b369234a876769_538343_25' completed on 4
2025-12-09 15:12:54.382 [IPController] queue::request '7941038b-b90ec61798b369234a876769_538343_26' completed on 5
2025-12-09 15:12:54.417 [IPController] queue::request '7941038b-b90ec61798b369234a876769_538343_35' completed on 14
2025-12-09 15:12:54.515 [IPController] queue::request '7941038b-b90ec61798b369234a876769_538343_33' completed on 12
2025-12-09 15:12:54.600 [IPController] queue::request '7941038b-b90ec61798b369234a876769_538343_24' completed on 3
2025-12-09 15:12:54.645 [IPController] queue::request '7941038b-b90ec61798b369234a876769_538343_39' completed on 18
2025-12-09 15:12:54.687 [IPController] queue::request '7941038b-b90ec61798b369234a876769_538343_50' completed on 9
2025-12-09 15:12:54.688 [IPController] queue::request '7941038b-b90ec61798b369234a876769_538343_41' completed on 0
2025-12-09 15:12:54.689 [IPController] queue::request '7941038b-b90ec61798b369234a876769_538343_49' completed on 8
2025-12-09 15:12:54.689 [IPController] queue::request '7941038b-b90ec61798b369234a876769_538343_70' completed on 9
2025-12-09 15:12:54.690 [IPController] queue::request '7941038b-b90ec61798b369234a876769_538343_42' completed on 1
2025-12-09 15:12:54.690 [IPController] queue::request '7941038b-b90ec61798b369234a876769_538343_61' completed on 0
2025-12-09 15:12:54.691 [IPController] queue::request '7941038b-b90ec61798b369234a876769_538343_52' completed on 11
2025-12-09 15:12:54.691 [IPController] queue::request '7941038b-b90ec61798b369234a876769_538343_69' completed on 8
2025-12-09 15:12:54.692 [IPController] queue::request '7941038b-b90ec61798b369234a876769_538343_46' completed on 5
2025-12-09 15:12:54.693 [IPController] queue::request '7941038b-b90ec61798b369234a876769_538343_72' completed on 11
2025-12-09 15:12:54.693 [IPController] queue::request '7941038b-b90ec61798b369234a876769_538343_62' completed on 1
2025-12-09 15:12:54.694 [IPController] queue::request '7941038b-b90ec61798b369234a876769_538343_60' completed on 19
2025-12-09 15:12:54.694 [IPController] queue::request '7941038b-b90ec61798b369234a876769_538343_43' completed on 2
2025-12-09 15:12:54.695 [IPController] queue::request '7941038b-b90ec61798b369234a876769_538343_51' completed on 10
2025-12-09 15:12:54.695 [IPController] queue::request '7941038b-b90ec61798b369234a876769_538343_80' completed on 19
2025-12-09 15:12:54.696 [IPController] queue::request '7941038b-b90ec61798b369234a876769_538343_66' completed on 5
2025-12-09 15:12:54.696 [IPController] queue::request '7941038b-b90ec61798b369234a876769_538343_63' completed on 2
2025-12-09 15:12:54.697 [IPController] queue::request '7941038b-b90ec61798b369234a876769_538343_71' completed on 10
2025-12-09 15:12:54.697 [IPController] queue::request '7941038b-b90ec61798b369234a876769_538343_54' completed on 13
2025-12-09 15:12:54.698 [IPController] queue::request '7941038b-b90ec61798b369234a876769_538343_55' completed on 14
2025-12-09 15:12:54.698 [IPController] queue::request '7941038b-b90ec61798b369234a876769_538343_45' completed on 4
2025-12-09 15:12:54.699 [IPController] queue::request '7941038b-b90ec61798b369234a876769_538343_57' completed on 16
2025-12-09 15:12:54.700 [IPController] queue::request '7941038b-b90ec61798b369234a876769_538343_74' completed on 13
2025-12-09 15:12:54.700 [IPController] queue::request '7941038b-b90ec61798b369234a876769_538343_75' completed on 14
2025-12-09 15:12:54.701 [IPController] queue::request '7941038b-b90ec61798b369234a876769_538343_65' completed on 4
2025-12-09 15:12:54.701 [IPController] queue::request '7941038b-b90ec61798b369234a876769_538343_77' completed on 16
2025-12-09 15:12:54.703 [IPController] queue::request '7941038b-b90ec61798b369234a876769_538343_47' completed on 6
2025-12-09 15:12:54.704 [IPController] queue::request '7941038b-b90ec61798b369234a876769_538343_67' completed on 6
2025-12-09 15:12:54.710 [IPController] queue::request '7941038b-b90ec61798b369234a876769_538343_56' completed on 15
2025-12-09 15:12:54.713 [IPController] queue::request '7941038b-b90ec61798b369234a876769_538343_76' completed on 15
2025-12-09 15:12:54.730 [IPController] queue::request '7941038b-b90ec61798b369234a876769_538343_38' completed on 17
2025-12-09 15:12:54.748 [IPController] queue::request '7941038b-b90ec61798b369234a876769_538343_53' completed on 12
2025-12-09 15:12:54.750 [IPController] queue::request '7941038b-b90ec61798b369234a876769_538343_73' completed on 12
2025-12-09 15:12:54.846 [IPController] queue::request '7941038b-b90ec61798b369234a876769_538343_44' completed on 3
2025-12-09 15:12:54.849 [IPController] queue::request '7941038b-b90ec61798b369234a876769_538343_64' completed on 3
2025-12-09 15:12:54.872 [IPController] queue::request '7941038b-b90ec61798b369234a876769_538343_59' completed on 18
2025-12-09 15:12:54.874 [IPController] queue::request '7941038b-b90ec61798b369234a876769_538343_79' completed on 18
2025-12-09 15:12:54.961 [IPController] queue::request '7941038b-b90ec61798b369234a876769_538343_28' completed on 7
2025-12-09 15:12:54.970 [IPController] queue::request '7941038b-b90ec61798b369234a876769_538343_58' completed on 17
2025-12-09 15:12:54.972 [IPController] queue::request '7941038b-b90ec61798b369234a876769_538343_78' completed on 17
2025-12-09 15:12:55.182 [IPController] queue::request '7941038b-b90ec61798b369234a876769_538343_48' completed on 7
2025-12-09 15:12:55.183 [IPController] queue::request '7941038b-b90ec61798b369234a876769_538343_68' completed on 7
2025-12-09 15:12:55.192 [IPController] queue::client b'\x00\xf4\xb0\xdcQ' submitted request '7941038b-b90ec61798b369234a876769_538343_81' to 0
2025-12-09 15:12:55.193 [IPController] queue::client b'\x00\xf4\xb0\xdcQ' submitted request '7941038b-b90ec61798b369234a876769_538343_82' to 1
2025-12-09 15:12:55.193 [IPController] queue::client b'\x00\xf4\xb0\xdcQ' submitted request '7941038b-b90ec61798b369234a876769_538343_83' to 2
2025-12-09 15:12:55.194 [IPController] queue::client b'\x00\xf4\xb0\xdcQ' submitted request '7941038b-b90ec61798b369234a876769_538343_84' to 3
2025-12-09 15:12:55.194 [IPController] queue::client b'\x00\xf4\xb0\xdcQ' submitted request '7941038b-b90ec61798b369234a876769_538343_85' to 4
2025-12-09 15:12:55.194 [IPController] queue::client b'\x00\xf4\xb0\xdcQ' submitted request '7941038b-b90ec61798b369234a876769_538343_86' to 5
2025-12-09 15:12:55.195 [IPController] queue::client b'\x00\xf4\xb0\xdcQ' submitted request '7941038b-b90ec61798b369234a876769_538343_87' to 6
2025-12-09 15:12:55.195 [IPController] queue::client b'\x00\xf4\xb0\xdcQ' submitted request '7941038b-b90ec61798b369234a876769_538343_88' to 7
2025-12-09 15:12:55.195 [IPController] queue::client b'\x00\xf4\xb0\xdcQ' submitted request '7941038b-b90ec61798b369234a876769_538343_89' to 8
2025-12-09 15:12:55.196 [IPController] queue::client b'\x00\xf4\xb0\xdcQ' submitted request '7941038b-b90ec61798b369234a876769_538343_90' to 9
2025-12-09 15:12:55.196 [IPController] queue::client b'\x00\xf4\xb0\xdcQ' submitted request '7941038b-b90ec61798b369234a876769_538343_91' to 10
2025-12-09 15:12:55.196 [IPController] queue::client b'\x00\xf4\xb0\xdcQ' submitted request '7941038b-b90ec61798b369234a876769_538343_92' to 11
2025-12-09 15:12:55.197 [IPController] queue::client b'\x00\xf4\xb0\xdcQ' submitted request '7941038b-b90ec61798b369234a876769_538343_93' to 12
2025-12-09 15:12:55.197 [IPController] queue::client b'\x00\xf4\xb0\xdcQ' submitted request '7941038b-b90ec61798b369234a876769_538343_94' to 13
2025-12-09 15:12:55.197 [IPController] queue::client b'\x00\xf4\xb0\xdcQ' submitted request '7941038b-b90ec61798b369234a876769_538343_95' to 14
2025-12-09 15:12:55.198 [IPController] queue::client b'\x00\xf4\xb0\xdcQ' submitted request '7941038b-b90ec61798b369234a876769_538343_96' to 15
2025-12-09 15:12:55.198 [IPController] queue::client b'\x00\xf4\xb0\xdcQ' submitted request '7941038b-b90ec61798b369234a876769_538343_97' to 16
2025-12-09 15:12:55.198 [IPController] queue::client b'\x00\xf4\xb0\xdcQ' submitted request '7941038b-b90ec61798b369234a876769_538343_98' to 17
2025-12-09 15:12:55.198 [IPController] queue::client b'\x00\xf4\xb0\xdcQ' submitted request '7941038b-b90ec61798b369234a876769_538343_99' to 18
2025-12-09 15:12:55.199 [IPController] queue::client b'\x00\xf4\xb0\xdcQ' submitted request '7941038b-b90ec61798b369234a876769_538343_100' to 19
2025-12-09 15:12:55.199 [IPController] queue::request '7941038b-b90ec61798b369234a876769_538343_88' completed on 7
2025-12-09 15:12:55.199 [IPController] queue::request '7941038b-b90ec61798b369234a876769_538343_81' completed on 0
2025-12-09 15:12:55.200 [IPController] queue::request '7941038b-b90ec61798b369234a876769_538343_83' completed on 2
2025-12-09 15:12:55.200 [IPController] queue::request '7941038b-b90ec61798b369234a876769_538343_85' completed on 4
2025-12-09 15:12:55.201 [IPController] queue::request '7941038b-b90ec61798b369234a876769_538343_89' completed on 8
2025-12-09 15:12:55.201 [IPController] queue::request '7941038b-b90ec61798b369234a876769_538343_84' completed on 3
2025-12-09 15:12:55.201 [IPController] queue::request '7941038b-b90ec61798b369234a876769_538343_86' completed on 5
2025-12-09 15:12:55.202 [IPController] queue::request '7941038b-b90ec61798b369234a876769_538343_91' completed on 10
2025-12-09 15:12:55.202 [IPController] queue::request '7941038b-b90ec61798b369234a876769_538343_92' completed on 11
2025-12-09 15:12:55.203 [IPController] queue::request '7941038b-b90ec61798b369234a876769_538343_87' completed on 6
2025-12-09 15:12:55.203 [IPController] queue::request '7941038b-b90ec61798b369234a876769_538343_98' completed on 17
2025-12-09 15:12:55.203 [IPController] queue::request '7941038b-b90ec61798b369234a876769_538343_97' completed on 16
2025-12-09 15:12:55.204 [IPController] queue::request '7941038b-b90ec61798b369234a876769_538343_94' completed on 13
2025-12-09 15:12:55.204 [IPController] queue::request '7941038b-b90ec61798b369234a876769_538343_95' completed on 14
2025-12-09 15:12:55.204 [IPController] queue::request '7941038b-b90ec61798b369234a876769_538343_100' completed on 19
2025-12-09 15:12:55.205 [IPController] queue::request '7941038b-b90ec61798b369234a876769_538343_93' completed on 12
2025-12-09 15:12:55.205 [IPController] queue::request '7941038b-b90ec61798b369234a876769_538343_90' completed on 9
2025-12-09 15:12:55.205 [IPController] queue::request '7941038b-b90ec61798b369234a876769_538343_82' completed on 1
2025-12-09 15:12:55.206 [IPController] queue::request '7941038b-b90ec61798b369234a876769_538343_96' completed on 15
2025-12-09 15:12:55.206 [IPController] queue::request '7941038b-b90ec61798b369234a876769_538343_99' completed on 18
2025-12-09 15:12:55.207 [IPController] queue::client b'\x00\xf4\xb0\xdcQ' submitted request '7941038b-b90ec61798b369234a876769_538343_101' to 0
2025-12-09 15:12:55.207 [IPController] queue::client b'\x00\xf4\xb0\xdcQ' submitted request '7941038b-b90ec61798b369234a876769_538343_102' to 1
2025-12-09 15:12:55.208 [IPController] queue::request '7941038b-b90ec61798b369234a876769_538343_101' completed on 0
2025-12-09 15:12:55.208 [IPController] queue::client b'\x00\xf4\xb0\xdcQ' submitted request '7941038b-b90ec61798b369234a876769_538343_103' to 2
2025-12-09 15:12:55.209 [IPController] queue::request '7941038b-b90ec61798b369234a876769_538343_102' completed on 1
2025-12-09 15:12:55.209 [IPController] queue::client b'\x00\xf4\xb0\xdcQ' submitted request '7941038b-b90ec61798b369234a876769_538343_104' to 3
2025-12-09 15:12:55.210 [IPController] queue::client b'\x00\xf4\xb0\xdcQ' submitted request '7941038b-b90ec61798b369234a876769_538343_105' to 4
2025-12-09 15:12:55.210 [IPController] queue::client b'\x00\xf4\xb0\xdcQ' submitted request '7941038b-b90ec61798b369234a876769_538343_106' to 5
2025-12-09 15:12:55.210 [IPController] queue::client b'\x00\xf4\xb0\xdcQ' submitted request '7941038b-b90ec61798b369234a876769_538343_107' to 6
2025-12-09 15:12:55.211 [IPController] queue::client b'\x00\xf4\xb0\xdcQ' submitted request '7941038b-b90ec61798b369234a876769_538343_108' to 7
2025-12-09 15:12:55.211 [IPController] queue::client b'\x00\xf4\xb0\xdcQ' submitted request '7941038b-b90ec61798b369234a876769_538343_109' to 8
2025-12-09 15:12:55.212 [IPController] queue::request '7941038b-b90ec61798b369234a876769_538343_103' completed on 2
2025-12-09 15:12:55.212 [IPController] queue::client b'\x00\xf4\xb0\xdcQ' submitted request '7941038b-b90ec61798b369234a876769_538343_110' to 9
2025-12-09 15:12:55.213 [IPController] queue::client b'\x00\xf4\xb0\xdcQ' submitted request '7941038b-b90ec61798b369234a876769_538343_111' to 10
2025-12-09 15:12:55.213 [IPController] queue::client b'\x00\xf4\xb0\xdcQ' submitted request '7941038b-b90ec61798b369234a876769_538343_112' to 11
2025-12-09 15:12:55.214 [IPController] queue::client b'\x00\xf4\xb0\xdcQ' submitted request '7941038b-b90ec61798b369234a876769_538343_113' to 12
2025-12-09 15:12:55.214 [IPController] queue::client b'\x00\xf4\xb0\xdcQ' submitted request '7941038b-b90ec61798b369234a876769_538343_114' to 13
2025-12-09 15:12:55.214 [IPController] queue::client b'\x00\xf4\xb0\xdcQ' submitted request '7941038b-b90ec61798b369234a876769_538343_115' to 14
2025-12-09 15:12:55.215 [IPController] queue::client b'\x00\xf4\xb0\xdcQ' submitted request '7941038b-b90ec61798b369234a876769_538343_116' to 15
2025-12-09 15:12:55.215 [IPController] queue::client b'\x00\xf4\xb0\xdcQ' submitted request '7941038b-b90ec61798b369234a876769_538343_117' to 16
2025-12-09 15:12:55.216 [IPController] queue::client b'\x00\xf4\xb0\xdcQ' submitted request '7941038b-b90ec61798b369234a876769_538343_118' to 17
2025-12-09 15:12:55.216 [IPController] queue::client b'\x00\xf4\xb0\xdcQ' submitted request '7941038b-b90ec61798b369234a876769_538343_119' to 18
2025-12-09 15:12:55.217 [IPController] queue::client b'\x00\xf4\xb0\xdcQ' submitted request '7941038b-b90ec61798b369234a876769_538343_120' to 19
2025-12-09 15:12:55.217 [IPController] queue::request '7941038b-b90ec61798b369234a876769_538343_108' completed on 7
2025-12-09 15:12:55.218 [IPController] queue::request '7941038b-b90ec61798b369234a876769_538343_106' completed on 5
2025-12-09 15:12:55.218 [IPController] queue::request '7941038b-b90ec61798b369234a876769_538343_107' completed on 6
2025-12-09 15:12:55.219 [IPController] queue::request '7941038b-b90ec61798b369234a876769_538343_104' completed on 3
2025-12-09 15:12:55.219 [IPController] queue::request '7941038b-b90ec61798b369234a876769_538343_109' completed on 8
2025-12-09 15:12:55.220 [IPController] queue::request '7941038b-b90ec61798b369234a876769_538343_114' completed on 13
2025-12-09 15:12:55.220 [IPController] queue::request '7941038b-b90ec61798b369234a876769_538343_110' completed on 9
2025-12-09 15:12:55.221 [IPController] queue::request '7941038b-b90ec61798b369234a876769_538343_111' completed on 10
2025-12-09 15:12:55.221 [IPController] queue::request '7941038b-b90ec61798b369234a876769_538343_105' completed on 4
2025-12-09 15:12:55.222 [IPController] queue::request '7941038b-b90ec61798b369234a876769_538343_116' completed on 15
2025-12-09 15:12:55.222 [IPController] queue::request '7941038b-b90ec61798b369234a876769_538343_115' completed on 14
2025-12-09 15:12:55.223 [IPController] queue::request '7941038b-b90ec61798b369234a876769_538343_113' completed on 12
2025-12-09 15:12:55.224 [IPController] queue::request '7941038b-b90ec61798b369234a876769_538343_118' completed on 17
2025-12-09 15:12:55.224 [IPController] queue::request '7941038b-b90ec61798b369234a876769_538343_117' completed on 16
2025-12-09 15:12:55.225 [IPController] queue::request '7941038b-b90ec61798b369234a876769_538343_119' completed on 18
2025-12-09 15:12:55.225 [IPController] queue::request '7941038b-b90ec61798b369234a876769_538343_120' completed on 19
2025-12-09 15:12:55.226 [IPController] queue::request '7941038b-b90ec61798b369234a876769_538343_112' completed on 11
2025-12-09 15:12:55.226 [IPController] queue::client b'\x00\xf4\xb0\xdcQ' submitted request '7941038b-b90ec61798b369234a876769_538343_121' to 0
2025-12-09 15:12:55.227 [IPController] queue::client b'\x00\xf4\xb0\xdcQ' submitted request '7941038b-b90ec61798b369234a876769_538343_122' to 1
2025-12-09 15:12:55.227 [IPController] queue::client b'\x00\xf4\xb0\xdcQ' submitted request '7941038b-b90ec61798b369234a876769_538343_123' to 2
2025-12-09 15:12:55.228 [IPController] queue::client b'\x00\xf4\xb0\xdcQ' submitted request '7941038b-b90ec61798b369234a876769_538343_124' to 3
2025-12-09 15:12:55.228 [IPController] queue::client b'\x00\xf4\xb0\xdcQ' submitted request '7941038b-b90ec61798b369234a876769_538343_125' to 4
2025-12-09 15:12:55.228 [IPController] queue::client b'\x00\xf4\xb0\xdcQ' submitted request '7941038b-b90ec61798b369234a876769_538343_126' to 5
2025-12-09 15:12:55.229 [IPController] queue::client b'\x00\xf4\xb0\xdcQ' submitted request '7941038b-b90ec61798b369234a876769_538343_127' to 6
2025-12-09 15:12:55.229 [IPController] queue::client b'\x00\xf4\xb0\xdcQ' submitted request '7941038b-b90ec61798b369234a876769_538343_128' to 7
2025-12-09 15:12:55.229 [IPController] queue::client b'\x00\xf4\xb0\xdcQ' submitted request '7941038b-b90ec61798b369234a876769_538343_129' to 8
2025-12-09 15:12:55.230 [IPController] queue::client b'\x00\xf4\xb0\xdcQ' submitted request '7941038b-b90ec61798b369234a876769_538343_130' to 9
2025-12-09 15:12:55.230 [IPController] queue::client b'\x00\xf4\xb0\xdcQ' submitted request '7941038b-b90ec61798b369234a876769_538343_131' to 10
2025-12-09 15:12:55.230 [IPController] queue::client b'\x00\xf4\xb0\xdcQ' submitted request '7941038b-b90ec61798b369234a876769_538343_132' to 11
2025-12-09 15:12:55.231 [IPController] queue::client b'\x00\xf4\xb0\xdcQ' submitted request '7941038b-b90ec61798b369234a876769_538343_133' to 12
2025-12-09 15:12:55.231 [IPController] queue::client b'\x00\xf4\xb0\xdcQ' submitted request '7941038b-b90ec61798b369234a876769_538343_134' to 13
2025-12-09 15:12:55.231 [IPController] queue::client b'\x00\xf4\xb0\xdcQ' submitted request '7941038b-b90ec61798b369234a876769_538343_135' to 14
2025-12-09 15:12:55.232 [IPController] queue::client b'\x00\xf4\xb0\xdcQ' submitted request '7941038b-b90ec61798b369234a876769_538343_136' to 15
2025-12-09 15:12:55.232 [IPController] queue::client b'\x00\xf4\xb0\xdcQ' submitted request '7941038b-b90ec61798b369234a876769_538343_137' to 16
2025-12-09 15:12:55.232 [IPController] queue::client b'\x00\xf4\xb0\xdcQ' submitted request '7941038b-b90ec61798b369234a876769_538343_138' to 17
2025-12-09 15:12:55.233 [IPController] queue::client b'\x00\xf4\xb0\xdcQ' submitted request '7941038b-b90ec61798b369234a876769_538343_139' to 18
2025-12-09 15:12:55.233 [IPController] queue::client b'\x00\xf4\xb0\xdcQ' submitted request '7941038b-b90ec61798b369234a876769_538343_140' to 19
2025-12-09 15:12:55.234 [IPController] queue::request '7941038b-b90ec61798b369234a876769_538343_123' completed on 2
2025-12-09 15:12:55.234 [IPController] queue::request '7941038b-b90ec61798b369234a876769_538343_135' completed on 14
2025-12-09 15:12:55.235 [IPController] queue::request '7941038b-b90ec61798b369234a876769_538343_132' completed on 11
2025-12-09 15:12:55.235 [IPController] queue::request '7941038b-b90ec61798b369234a876769_538343_121' completed on 0
2025-12-09 15:12:55.236 [IPController] queue::request '7941038b-b90ec61798b369234a876769_538343_126' completed on 5
2025-12-09 15:12:55.236 [IPController] queue::request '7941038b-b90ec61798b369234a876769_538343_127' completed on 6
2025-12-09 15:12:55.237 [IPController] queue::request '7941038b-b90ec61798b369234a876769_538343_128' completed on 7
2025-12-09 15:12:55.237 [IPController] queue::request '7941038b-b90ec61798b369234a876769_538343_122' completed on 1
2025-12-09 15:12:55.238 [IPController] queue::request '7941038b-b90ec61798b369234a876769_538343_134' completed on 13
2025-12-09 15:12:55.238 [IPController] queue::request '7941038b-b90ec61798b369234a876769_538343_124' completed on 3
2025-12-09 15:12:55.239 [IPController] queue::request '7941038b-b90ec61798b369234a876769_538343_130' completed on 9
2025-12-09 15:12:55.239 [IPController] queue::request '7941038b-b90ec61798b369234a876769_538343_131' completed on 10
2025-12-09 15:12:55.240 [IPController] queue::request '7941038b-b90ec61798b369234a876769_538343_138' completed on 17
2025-12-09 15:12:55.240 [IPController] queue::request '7941038b-b90ec61798b369234a876769_538343_129' completed on 8
2025-12-09 15:12:55.241 [IPController] queue::request '7941038b-b90ec61798b369234a876769_538343_133' completed on 12
2025-12-09 15:12:55.241 [IPController] queue::request '7941038b-b90ec61798b369234a876769_538343_125' completed on 4
2025-12-09 15:12:55.242 [IPController] queue::request '7941038b-b90ec61798b369234a876769_538343_136' completed on 15
2025-12-09 15:12:55.243 [IPController] queue::request '7941038b-b90ec61798b369234a876769_538343_140' completed on 19
2025-12-09 15:12:55.243 [IPController] queue::request '7941038b-b90ec61798b369234a876769_538343_139' completed on 18
2025-12-09 15:12:55.243 [IPController] queue::request '7941038b-b90ec61798b369234a876769_538343_137' completed on 16
2025-12-09 15:13:42.684 [IPController] queue::client b'\x00\xf4\xb0\xdcQ' submitted request '7941038b-b90ec61798b369234a876769_538343_141' to 0
2025-12-09 15:13:42.686 [IPController] queue::client b'\x00\xf4\xb0\xdcQ' submitted request '7941038b-b90ec61798b369234a876769_538343_142' to 1
2025-12-09 15:13:42.686 [IPController] queue::client b'\x00\xf4\xb0\xdcQ' submitted request '7941038b-b90ec61798b369234a876769_538343_143' to 2
2025-12-09 15:13:42.687 [IPController] queue::client b'\x00\xf4\xb0\xdcQ' submitted request '7941038b-b90ec61798b369234a876769_538343_144' to 3
2025-12-09 15:13:42.687 [IPController] queue::client b'\x00\xf4\xb0\xdcQ' submitted request '7941038b-b90ec61798b369234a876769_538343_145' to 4
2025-12-09 15:13:42.687 [IPController] queue::client b'\x00\xf4\xb0\xdcQ' submitted request '7941038b-b90ec61798b369234a876769_538343_146' to 5
2025-12-09 15:13:42.688 [IPController] queue::client b'\x00\xf4\xb0\xdcQ' submitted request '7941038b-b90ec61798b369234a876769_538343_147' to 6
2025-12-09 15:13:42.688 [IPController] queue::client b'\x00\xf4\xb0\xdcQ' submitted request '7941038b-b90ec61798b369234a876769_538343_148' to 7
2025-12-09 15:13:42.688 [IPController] queue::client b'\x00\xf4\xb0\xdcQ' submitted request '7941038b-b90ec61798b369234a876769_538343_149' to 8
2025-12-09 15:13:42.689 [IPController] queue::client b'\x00\xf4\xb0\xdcQ' submitted request '7941038b-b90ec61798b369234a876769_538343_150' to 9
2025-12-09 15:13:42.689 [IPController] queue::client b'\x00\xf4\xb0\xdcQ' submitted request '7941038b-b90ec61798b369234a876769_538343_151' to 10
2025-12-09 15:13:42.689 [IPController] queue::client b'\x00\xf4\xb0\xdcQ' submitted request '7941038b-b90ec61798b369234a876769_538343_152' to 11
2025-12-09 15:13:42.690 [IPController] queue::client b'\x00\xf4\xb0\xdcQ' submitted request '7941038b-b90ec61798b369234a876769_538343_153' to 12
2025-12-09 15:13:42.690 [IPController] queue::client b'\x00\xf4\xb0\xdcQ' submitted request '7941038b-b90ec61798b369234a876769_538343_154' to 13
2025-12-09 15:13:42.690 [IPController] queue::client b'\x00\xf4\xb0\xdcQ' submitted request '7941038b-b90ec61798b369234a876769_538343_155' to 14
2025-12-09 15:13:42.691 [IPController] queue::client b'\x00\xf4\xb0\xdcQ' submitted request '7941038b-b90ec61798b369234a876769_538343_156' to 15
2025-12-09 15:13:42.691 [IPController] queue::client b'\x00\xf4\xb0\xdcQ' submitted request '7941038b-b90ec61798b369234a876769_538343_157' to 16
2025-12-09 15:13:42.691 [IPController] queue::client b'\x00\xf4\xb0\xdcQ' submitted request '7941038b-b90ec61798b369234a876769_538343_158' to 17
2025-12-09 15:13:42.692 [IPController] queue::client b'\x00\xf4\xb0\xdcQ' submitted request '7941038b-b90ec61798b369234a876769_538343_159' to 18
2025-12-09 15:13:42.692 [IPController] queue::client b'\x00\xf4\xb0\xdcQ' submitted request '7941038b-b90ec61798b369234a876769_538343_160' to 19
2025-12-09 15:13:42.692 [IPController] queue::request '7941038b-b90ec61798b369234a876769_538343_149' completed on 8
2025-12-09 15:13:42.754 [IPController] queue::request '7941038b-b90ec61798b369234a876769_538343_148' completed on 7
2025-12-09 15:13:42.755 [IPController] queue::request '7941038b-b90ec61798b369234a876769_538343_155' completed on 14
2025-12-09 15:13:42.755 [IPController] queue::request '7941038b-b90ec61798b369234a876769_538343_152' completed on 11
2025-12-09 15:13:42.756 [IPController] queue::request '7941038b-b90ec61798b369234a876769_538343_142' completed on 1
2025-12-09 15:13:42.756 [IPController] queue::request '7941038b-b90ec61798b369234a876769_538343_160' completed on 19
2025-12-09 15:13:42.756 [IPController] queue::request '7941038b-b90ec61798b369234a876769_538343_159' completed on 18
2025-12-09 15:13:42.757 [IPController] queue::request '7941038b-b90ec61798b369234a876769_538343_146' completed on 5
2025-12-09 15:13:42.757 [IPController] queue::request '7941038b-b90ec61798b369234a876769_538343_143' completed on 2
2025-12-09 15:13:42.758 [IPController] queue::request '7941038b-b90ec61798b369234a876769_538343_153' completed on 12
2025-12-09 15:13:42.758 [IPController] queue::request '7941038b-b90ec61798b369234a876769_538343_150' completed on 9
2025-12-09 15:13:42.758 [IPController] queue::request '7941038b-b90ec61798b369234a876769_538343_144' completed on 3
2025-12-09 15:13:42.759 [IPController] queue::request '7941038b-b90ec61798b369234a876769_538343_141' completed on 0
2025-12-09 15:13:42.759 [IPController] queue::request '7941038b-b90ec61798b369234a876769_538343_156' completed on 15
2025-12-09 15:13:42.759 [IPController] queue::request '7941038b-b90ec61798b369234a876769_538343_145' completed on 4
2025-12-09 15:13:42.760 [IPController] queue::request '7941038b-b90ec61798b369234a876769_538343_154' completed on 13
2025-12-09 15:13:42.760 [IPController] queue::request '7941038b-b90ec61798b369234a876769_538343_157' completed on 16
2025-12-09 15:13:42.761 [IPController] queue::request '7941038b-b90ec61798b369234a876769_538343_151' completed on 10
2025-12-09 15:13:42.761 [IPController] queue::request '7941038b-b90ec61798b369234a876769_538343_158' completed on 17
2025-12-09 15:13:42.762 [IPController] queue::request '7941038b-b90ec61798b369234a876769_538343_147' completed on 6
2025-12-09 15:13:42.767 [IPController] queue::client b'\x00\xf4\xb0\xdcQ' submitted request '7941038b-b90ec61798b369234a876769_538343_161' to 0
2025-12-09 15:13:42.768 [IPController] queue::client b'\x00\xf4\xb0\xdcQ' submitted request '7941038b-b90ec61798b369234a876769_538343_162' to 1
2025-12-09 15:13:42.769 [IPController] queue::client b'\x00\xf4\xb0\xdcQ' submitted request '7941038b-b90ec61798b369234a876769_538343_163' to 2
2025-12-09 15:13:42.769 [IPController] queue::client b'\x00\xf4\xb0\xdcQ' submitted request '7941038b-b90ec61798b369234a876769_538343_164' to 3
2025-12-09 15:13:42.770 [IPController] queue::client b'\x00\xf4\xb0\xdcQ' submitted request '7941038b-b90ec61798b369234a876769_538343_165' to 4
2025-12-09 15:13:42.771 [IPController] queue::client b'\x00\xf4\xb0\xdcQ' submitted request '7941038b-b90ec61798b369234a876769_538343_166' to 5
2025-12-09 15:13:42.771 [IPController] queue::request '7941038b-b90ec61798b369234a876769_538343_161' completed on 0
2025-12-09 15:13:42.772 [IPController] queue::client b'\x00\xf4\xb0\xdcQ' submitted request '7941038b-b90ec61798b369234a876769_538343_167' to 6
2025-12-09 15:13:42.772 [IPController] queue::client b'\x00\xf4\xb0\xdcQ' submitted request '7941038b-b90ec61798b369234a876769_538343_168' to 7
2025-12-09 15:13:42.772 [IPController] queue::client b'\x00\xf4\xb0\xdcQ' submitted request '7941038b-b90ec61798b369234a876769_538343_169' to 8
2025-12-09 15:13:42.773 [IPController] queue::client b'\x00\xf4\xb0\xdcQ' submitted request '7941038b-b90ec61798b369234a876769_538343_170' to 9
2025-12-09 15:13:42.773 [IPController] queue::client b'\x00\xf4\xb0\xdcQ' submitted request '7941038b-b90ec61798b369234a876769_538343_171' to 10
2025-12-09 15:13:42.773 [IPController] queue::client b'\x00\xf4\xb0\xdcQ' submitted request '7941038b-b90ec61798b369234a876769_538343_172' to 11
2025-12-09 15:13:42.774 [IPController] queue::client b'\x00\xf4\xb0\xdcQ' submitted request '7941038b-b90ec61798b369234a876769_538343_173' to 12
2025-12-09 15:13:42.774 [IPController] queue::client b'\x00\xf4\xb0\xdcQ' submitted request '7941038b-b90ec61798b369234a876769_538343_174' to 13
2025-12-09 15:13:42.774 [IPController] queue::client b'\x00\xf4\xb0\xdcQ' submitted request '7941038b-b90ec61798b369234a876769_538343_175' to 14
2025-12-09 15:13:42.775 [IPController] queue::client b'\x00\xf4\xb0\xdcQ' submitted request '7941038b-b90ec61798b369234a876769_538343_176' to 15
2025-12-09 15:13:42.775 [IPController] queue::client b'\x00\xf4\xb0\xdcQ' submitted request '7941038b-b90ec61798b369234a876769_538343_177' to 16
2025-12-09 15:13:42.775 [IPController] queue::client b'\x00\xf4\xb0\xdcQ' submitted request '7941038b-b90ec61798b369234a876769_538343_178' to 17
2025-12-09 15:13:42.776 [IPController] queue::client b'\x00\xf4\xb0\xdcQ' submitted request '7941038b-b90ec61798b369234a876769_538343_179' to 18
2025-12-09 15:13:42.776 [IPController] queue::client b'\x00\xf4\xb0\xdcQ' submitted request '7941038b-b90ec61798b369234a876769_538343_180' to 19
2025-12-09 15:13:42.776 [IPController] queue::request '7941038b-b90ec61798b369234a876769_538343_164' completed on 3
2025-12-09 15:13:42.777 [IPController] queue::request '7941038b-b90ec61798b369234a876769_538343_165' completed on 4
2025-12-09 15:13:42.777 [IPController] queue::request '7941038b-b90ec61798b369234a876769_538343_174' completed on 13
2025-12-09 15:13:42.778 [IPController] queue::request '7941038b-b90ec61798b369234a876769_538343_167' completed on 6
2025-12-09 15:13:42.778 [IPController] queue::request '7941038b-b90ec61798b369234a876769_538343_163' completed on 2
2025-12-09 15:13:42.779 [IPController] queue::request '7941038b-b90ec61798b369234a876769_538343_171' completed on 10
2025-12-09 15:13:42.779 [IPController] queue::request '7941038b-b90ec61798b369234a876769_538343_170' completed on 9
2025-12-09 15:13:42.779 [IPController] queue::request '7941038b-b90ec61798b369234a876769_538343_168' completed on 7
2025-12-09 15:13:42.780 [IPController] queue::request '7941038b-b90ec61798b369234a876769_538343_162' completed on 1
2025-12-09 15:13:42.780 [IPController] queue::request '7941038b-b90ec61798b369234a876769_538343_166' completed on 5
2025-12-09 15:13:42.781 [IPController] queue::request '7941038b-b90ec61798b369234a876769_538343_169' completed on 8
2025-12-09 15:13:42.781 [IPController] queue::request '7941038b-b90ec61798b369234a876769_538343_172' completed on 11
2025-12-09 15:13:42.782 [IPController] queue::request '7941038b-b90ec61798b369234a876769_538343_180' completed on 19
2025-12-09 15:13:42.782 [IPController] queue::request '7941038b-b90ec61798b369234a876769_538343_173' completed on 12
2025-12-09 15:13:42.782 [IPController] queue::request '7941038b-b90ec61798b369234a876769_538343_178' completed on 17
2025-12-09 15:13:42.783 [IPController] queue::request '7941038b-b90ec61798b369234a876769_538343_179' completed on 18
2025-12-09 15:13:42.783 [IPController] queue::request '7941038b-b90ec61798b369234a876769_538343_175' completed on 14
2025-12-09 15:13:42.784 [IPController] queue::request '7941038b-b90ec61798b369234a876769_538343_177' completed on 16
2025-12-09 15:13:42.784 [IPController] queue::request '7941038b-b90ec61798b369234a876769_538343_176' completed on 15
2025-12-09 15:13:42.785 [IPController] queue::client b'\x00\xf4\xb0\xdcQ' submitted request '7941038b-b90ec61798b369234a876769_538343_181' to 0
2025-12-09 15:13:42.785 [IPController] queue::client b'\x00\xf4\xb0\xdcQ' submitted request '7941038b-b90ec61798b369234a876769_538343_182' to 1
2025-12-09 15:13:42.785 [IPController] queue::client b'\x00\xf4\xb0\xdcQ' submitted request '7941038b-b90ec61798b369234a876769_538343_183' to 2
2025-12-09 15:13:42.786 [IPController] queue::client b'\x00\xf4\xb0\xdcQ' submitted request '7941038b-b90ec61798b369234a876769_538343_184' to 3
2025-12-09 15:13:42.786 [IPController] queue::client b'\x00\xf4\xb0\xdcQ' submitted request '7941038b-b90ec61798b369234a876769_538343_185' to 4
2025-12-09 15:13:42.786 [IPController] queue::client b'\x00\xf4\xb0\xdcQ' submitted request '7941038b-b90ec61798b369234a876769_538343_186' to 5
2025-12-09 15:13:42.787 [IPController] queue::client b'\x00\xf4\xb0\xdcQ' submitted request '7941038b-b90ec61798b369234a876769_538343_187' to 6
2025-12-09 15:13:42.787 [IPController] queue::client b'\x00\xf4\xb0\xdcQ' submitted request '7941038b-b90ec61798b369234a876769_538343_188' to 7
2025-12-09 15:13:42.787 [IPController] queue::client b'\x00\xf4\xb0\xdcQ' submitted request '7941038b-b90ec61798b369234a876769_538343_189' to 8
2025-12-09 15:13:42.788 [IPController] queue::client b'\x00\xf4\xb0\xdcQ' submitted request '7941038b-b90ec61798b369234a876769_538343_190' to 9
2025-12-09 15:13:42.788 [IPController] queue::client b'\x00\xf4\xb0\xdcQ' submitted request '7941038b-b90ec61798b369234a876769_538343_191' to 10
2025-12-09 15:13:42.788 [IPController] queue::client b'\x00\xf4\xb0\xdcQ' submitted request '7941038b-b90ec61798b369234a876769_538343_192' to 11
2025-12-09 15:13:42.789 [IPController] queue::client b'\x00\xf4\xb0\xdcQ' submitted request '7941038b-b90ec61798b369234a876769_538343_193' to 12
2025-12-09 15:13:42.789 [IPController] queue::client b'\x00\xf4\xb0\xdcQ' submitted request '7941038b-b90ec61798b369234a876769_538343_194' to 13
2025-12-09 15:13:42.789 [IPController] queue::client b'\x00\xf4\xb0\xdcQ' submitted request '7941038b-b90ec61798b369234a876769_538343_195' to 14
2025-12-09 15:13:42.789 [IPController] queue::client b'\x00\xf4\xb0\xdcQ' submitted request '7941038b-b90ec61798b369234a876769_538343_196' to 15
2025-12-09 15:13:42.790 [IPController] queue::client b'\x00\xf4\xb0\xdcQ' submitted request '7941038b-b90ec61798b369234a876769_538343_197' to 16
2025-12-09 15:13:42.790 [IPController] queue::client b'\x00\xf4\xb0\xdcQ' submitted request '7941038b-b90ec61798b369234a876769_538343_198' to 17
2025-12-09 15:13:42.790 [IPController] queue::client b'\x00\xf4\xb0\xdcQ' submitted request '7941038b-b90ec61798b369234a876769_538343_199' to 18
2025-12-09 15:13:42.790 [IPController] queue::client b'\x00\xf4\xb0\xdcQ' submitted request '7941038b-b90ec61798b369234a876769_538343_200' to 19
2025-12-09 15:13:42.791 [IPController] queue::request '7941038b-b90ec61798b369234a876769_538343_183' completed on 2
2025-12-09 15:13:42.791 [IPController] queue::request '7941038b-b90ec61798b369234a876769_538343_182' completed on 1
2025-12-09 15:13:42.791 [IPController] queue::request '7941038b-b90ec61798b369234a876769_538343_185' completed on 4
2025-12-09 15:13:42.792 [IPController] queue::request '7941038b-b90ec61798b369234a876769_538343_187' completed on 6
2025-12-09 15:13:42.792 [IPController] queue::request '7941038b-b90ec61798b369234a876769_538343_190' completed on 9
2025-12-09 15:13:42.792 [IPController] queue::request '7941038b-b90ec61798b369234a876769_538343_186' completed on 5
2025-12-09 15:13:42.793 [IPController] queue::request '7941038b-b90ec61798b369234a876769_538343_189' completed on 8
2025-12-09 15:13:42.793 [IPController] queue::request '7941038b-b90ec61798b369234a876769_538343_188' completed on 7
2025-12-09 15:13:42.794 [IPController] queue::request '7941038b-b90ec61798b369234a876769_538343_194' completed on 13
2025-12-09 15:13:42.794 [IPController] queue::request '7941038b-b90ec61798b369234a876769_538343_195' completed on 14
2025-12-09 15:13:42.794 [IPController] queue::request '7941038b-b90ec61798b369234a876769_538343_196' completed on 15
2025-12-09 15:13:42.795 [IPController] queue::request '7941038b-b90ec61798b369234a876769_538343_191' completed on 10
2025-12-09 15:13:42.795 [IPController] queue::request '7941038b-b90ec61798b369234a876769_538343_197' completed on 16
2025-12-09 15:13:42.796 [IPController] queue::request '7941038b-b90ec61798b369234a876769_538343_184' completed on 3
2025-12-09 15:13:42.796 [IPController] queue::request '7941038b-b90ec61798b369234a876769_538343_200' completed on 19
2025-12-09 15:13:42.796 [IPController] queue::request '7941038b-b90ec61798b369234a876769_538343_193' completed on 12
2025-12-09 15:13:42.797 [IPController] queue::request '7941038b-b90ec61798b369234a876769_538343_198' completed on 17
2025-12-09 15:13:42.797 [IPController] queue::request '7941038b-b90ec61798b369234a876769_538343_181' completed on 0
2025-12-09 15:13:42.798 [IPController] queue::request '7941038b-b90ec61798b369234a876769_538343_199' completed on 18
2025-12-09 15:13:42.798 [IPController] queue::request '7941038b-b90ec61798b369234a876769_538343_192' completed on 11
2025-12-09 15:13:42.798 [IPController] queue::client b'\x00\xf4\xb0\xdcQ' submitted request '7941038b-b90ec61798b369234a876769_538343_201' to 0
2025-12-09 15:13:42.800 [IPController] queue::client b'\x00\xf4\xb0\xdcQ' submitted request '7941038b-b90ec61798b369234a876769_538343_202' to 1
2025-12-09 15:13:42.800 [IPController] queue::client b'\x00\xf4\xb0\xdcQ' submitted request '7941038b-b90ec61798b369234a876769_538343_203' to 2
2025-12-09 15:13:42.801 [IPController] queue::client b'\x00\xf4\xb0\xdcQ' submitted request '7941038b-b90ec61798b369234a876769_538343_204' to 3
2025-12-09 15:13:42.801 [IPController] queue::client b'\x00\xf4\xb0\xdcQ' submitted request '7941038b-b90ec61798b369234a876769_538343_205' to 4
2025-12-09 15:13:42.802 [IPController] queue::client b'\x00\xf4\xb0\xdcQ' submitted request '7941038b-b90ec61798b369234a876769_538343_206' to 5
2025-12-09 15:13:42.802 [IPController] queue::client b'\x00\xf4\xb0\xdcQ' submitted request '7941038b-b90ec61798b369234a876769_538343_207' to 6
2025-12-09 15:13:42.802 [IPController] queue::client b'\x00\xf4\xb0\xdcQ' submitted request '7941038b-b90ec61798b369234a876769_538343_208' to 7
2025-12-09 15:13:42.803 [IPController] queue::client b'\x00\xf4\xb0\xdcQ' submitted request '7941038b-b90ec61798b369234a876769_538343_209' to 8
2025-12-09 15:13:42.803 [IPController] queue::client b'\x00\xf4\xb0\xdcQ' submitted request '7941038b-b90ec61798b369234a876769_538343_210' to 9
2025-12-09 15:13:42.803 [IPController] queue::client b'\x00\xf4\xb0\xdcQ' submitted request '7941038b-b90ec61798b369234a876769_538343_211' to 10
2025-12-09 15:13:42.803 [IPController] queue::client b'\x00\xf4\xb0\xdcQ' submitted request '7941038b-b90ec61798b369234a876769_538343_212' to 11
2025-12-09 15:13:42.804 [IPController] queue::client b'\x00\xf4\xb0\xdcQ' submitted request '7941038b-b90ec61798b369234a876769_538343_213' to 12
2025-12-09 15:13:42.804 [IPController] queue::client b'\x00\xf4\xb0\xdcQ' submitted request '7941038b-b90ec61798b369234a876769_538343_214' to 13
2025-12-09 15:13:42.804 [IPController] queue::client b'\x00\xf4\xb0\xdcQ' submitted request '7941038b-b90ec61798b369234a876769_538343_215' to 14
2025-12-09 15:13:42.805 [IPController] queue::client b'\x00\xf4\xb0\xdcQ' submitted request '7941038b-b90ec61798b369234a876769_538343_216' to 15
2025-12-09 15:13:42.805 [IPController] queue::client b'\x00\xf4\xb0\xdcQ' submitted request '7941038b-b90ec61798b369234a876769_538343_217' to 16
2025-12-09 15:13:42.805 [IPController] queue::client b'\x00\xf4\xb0\xdcQ' submitted request '7941038b-b90ec61798b369234a876769_538343_218' to 17
2025-12-09 15:13:42.806 [IPController] queue::client b'\x00\xf4\xb0\xdcQ' submitted request '7941038b-b90ec61798b369234a876769_538343_219' to 18
2025-12-09 15:13:42.806 [IPController] queue::client b'\x00\xf4\xb0\xdcQ' submitted request '7941038b-b90ec61798b369234a876769_538343_220' to 19
2025-12-09 15:14:03.232 [IPController] queue::request '7941038b-b90ec61798b369234a876769_538343_206' completed on 5
2025-12-09 15:14:03.254 [IPController] queue::request '7941038b-b90ec61798b369234a876769_538343_211' completed on 10
2025-12-09 15:14:03.255 [IPController] queue::request '7941038b-b90ec61798b369234a876769_538343_208' completed on 7
2025-12-09 15:14:03.353 [IPController] queue::request '7941038b-b90ec61798b369234a876769_538343_214' completed on 13
2025-12-09 15:14:03.384 [IPController] queue::request '7941038b-b90ec61798b369234a876769_538343_216' completed on 15
2025-12-09 15:14:03.444 [IPController] queue::request '7941038b-b90ec61798b369234a876769_538343_213' completed on 12
2025-12-09 15:14:03.620 [IPController] queue::request '7941038b-b90ec61798b369234a876769_538343_218' completed on 17
2025-12-09 15:14:03.694 [IPController] queue::request '7941038b-b90ec61798b369234a876769_538343_207' completed on 6
2025-12-09 15:14:03.733 [IPController] queue::request '7941038b-b90ec61798b369234a876769_538343_219' completed on 18
2025-12-09 15:14:04.631 [IPController] queue::request '7941038b-b90ec61798b369234a876769_538343_215' completed on 14
2025-12-09 15:14:04.632 [IPController] queue::request '7941038b-b90ec61798b369234a876769_538343_220' completed on 19
2025-12-09 15:14:04.822 [IPController] queue::request '7941038b-b90ec61798b369234a876769_538343_209' completed on 8
2025-12-09 15:14:04.894 [IPController] queue::request '7941038b-b90ec61798b369234a876769_538343_202' completed on 1
2025-12-09 15:14:05.229 [IPController] queue::request '7941038b-b90ec61798b369234a876769_538343_204' completed on 3
2025-12-09 15:14:05.492 [IPController] queue::request '7941038b-b90ec61798b369234a876769_538343_203' completed on 2
2025-12-09 15:14:05.674 [IPController] queue::request '7941038b-b90ec61798b369234a876769_538343_212' completed on 11
2025-12-09 15:14:05.812 [IPController] queue::request '7941038b-b90ec61798b369234a876769_538343_217' completed on 16
2025-12-09 15:14:06.497 [IPController] queue::request '7941038b-b90ec61798b369234a876769_538343_210' completed on 9
2025-12-09 15:14:06.875 [IPController] queue::request '7941038b-b90ec61798b369234a876769_538343_205' completed on 4
2025-12-09 15:14:06.924 [IPController] queue::request '7941038b-b90ec61798b369234a876769_538343_201' completed on 0
2025-12-09 15:14:06.930 [IPController] queue::client b'\x00\xf4\xb0\xdcQ' submitted request '7941038b-b90ec61798b369234a876769_538343_221' to 0
2025-12-09 15:14:06.931 [IPController] queue::client b'\x00\xf4\xb0\xdcQ' submitted request '7941038b-b90ec61798b369234a876769_538343_222' to 1
2025-12-09 15:14:06.931 [IPController] queue::client b'\x00\xf4\xb0\xdcQ' submitted request '7941038b-b90ec61798b369234a876769_538343_223' to 2
2025-12-09 15:14:06.931 [IPController] queue::client b'\x00\xf4\xb0\xdcQ' submitted request '7941038b-b90ec61798b369234a876769_538343_224' to 3
2025-12-09 15:14:06.932 [IPController] queue::client b'\x00\xf4\xb0\xdcQ' submitted request '7941038b-b90ec61798b369234a876769_538343_225' to 4
2025-12-09 15:14:06.932 [IPController] queue::client b'\x00\xf4\xb0\xdcQ' submitted request '7941038b-b90ec61798b369234a876769_538343_226' to 5
2025-12-09 15:14:06.933 [IPController] queue::client b'\x00\xf4\xb0\xdcQ' submitted request '7941038b-b90ec61798b369234a876769_538343_227' to 6
2025-12-09 15:14:06.933 [IPController] queue::client b'\x00\xf4\xb0\xdcQ' submitted request '7941038b-b90ec61798b369234a876769_538343_228' to 7
2025-12-09 15:14:06.934 [IPController] queue::client b'\x00\xf4\xb0\xdcQ' submitted request '7941038b-b90ec61798b369234a876769_538343_229' to 8
2025-12-09 15:14:06.935 [IPController] queue::client b'\x00\xf4\xb0\xdcQ' submitted request '7941038b-b90ec61798b369234a876769_538343_230' to 9
2025-12-09 15:14:06.935 [IPController] queue::client b'\x00\xf4\xb0\xdcQ' submitted request '7941038b-b90ec61798b369234a876769_538343_231' to 10
2025-12-09 15:14:06.936 [IPController] queue::client b'\x00\xf4\xb0\xdcQ' submitted request '7941038b-b90ec61798b369234a876769_538343_232' to 11
2025-12-09 15:14:06.936 [IPController] queue::client b'\x00\xf4\xb0\xdcQ' submitted request '7941038b-b90ec61798b369234a876769_538343_233' to 12
2025-12-09 15:14:06.937 [IPController] queue::client b'\x00\xf4\xb0\xdcQ' submitted request '7941038b-b90ec61798b369234a876769_538343_234' to 13
2025-12-09 15:14:06.937 [IPController] queue::client b'\x00\xf4\xb0\xdcQ' submitted request '7941038b-b90ec61798b369234a876769_538343_235' to 14
2025-12-09 15:14:06.938 [IPController] queue::client b'\x00\xf4\xb0\xdcQ' submitted request '7941038b-b90ec61798b369234a876769_538343_236' to 15
2025-12-09 15:14:06.938 [IPController] queue::client b'\x00\xf4\xb0\xdcQ' submitted request '7941038b-b90ec61798b369234a876769_538343_237' to 16
2025-12-09 15:14:06.939 [IPController] queue::client b'\x00\xf4\xb0\xdcQ' submitted request '7941038b-b90ec61798b369234a876769_538343_238' to 17
2025-12-09 15:14:06.939 [IPController] queue::client b'\x00\xf4\xb0\xdcQ' submitted request '7941038b-b90ec61798b369234a876769_538343_239' to 18
2025-12-09 15:14:06.940 [IPController] queue::client b'\x00\xf4\xb0\xdcQ' submitted request '7941038b-b90ec61798b369234a876769_538343_240' to 19
2025-12-09 15:14:06.940 [IPController] queue::request '7941038b-b90ec61798b369234a876769_538343_221' completed on 0
2025-12-09 15:14:06.941 [IPController] queue::request '7941038b-b90ec61798b369234a876769_538343_225' completed on 4
2025-12-09 15:14:06.942 [IPController] queue::request '7941038b-b90ec61798b369234a876769_538343_237' completed on 16
2025-12-09 15:14:06.942 [IPController] queue::request '7941038b-b90ec61798b369234a876769_538343_224' completed on 3
2025-12-09 15:14:06.943 [IPController] queue::request '7941038b-b90ec61798b369234a876769_538343_222' completed on 1
2025-12-09 15:14:06.944 [IPController] queue::request '7941038b-b90ec61798b369234a876769_538343_232' completed on 11
2025-12-09 15:14:06.944 [IPController] queue::request '7941038b-b90ec61798b369234a876769_538343_223' completed on 2
2025-12-09 15:14:06.945 [IPController] queue::request '7941038b-b90ec61798b369234a876769_538343_226' completed on 5
2025-12-09 15:14:06.946 [IPController] queue::request '7941038b-b90ec61798b369234a876769_538343_229' completed on 8
2025-12-09 15:14:06.947 [IPController] queue::request '7941038b-b90ec61798b369234a876769_538343_231' completed on 10
2025-12-09 15:14:06.947 [IPController] queue::request '7941038b-b90ec61798b369234a876769_538343_233' completed on 12
2025-12-09 15:14:06.948 [IPController] queue::request '7941038b-b90ec61798b369234a876769_538343_234' completed on 13
2025-12-09 15:14:06.949 [IPController] queue::request '7941038b-b90ec61798b369234a876769_538343_238' completed on 17
2025-12-09 15:14:06.950 [IPController] queue::request '7941038b-b90ec61798b369234a876769_538343_235' completed on 14
2025-12-09 15:14:06.951 [IPController] queue::request '7941038b-b90ec61798b369234a876769_538343_228' completed on 7
2025-12-09 15:14:06.952 [IPController] queue::request '7941038b-b90ec61798b369234a876769_538343_227' completed on 6
2025-12-09 15:14:06.952 [IPController] queue::request '7941038b-b90ec61798b369234a876769_538343_239' completed on 18
2025-12-09 15:14:06.953 [IPController] queue::request '7941038b-b90ec61798b369234a876769_538343_240' completed on 19
2025-12-09 15:14:06.954 [IPController] queue::request '7941038b-b90ec61798b369234a876769_538343_236' completed on 15
2025-12-09 15:14:06.955 [IPController] queue::request '7941038b-b90ec61798b369234a876769_538343_230' completed on 9
2025-12-09 15:14:06.956 [IPController] queue::client b'\x00\xf4\xb0\xdcQ' submitted request '7941038b-b90ec61798b369234a876769_538343_241' to 0
2025-12-09 15:14:06.956 [IPController] queue::client b'\x00\xf4\xb0\xdcQ' submitted request '7941038b-b90ec61798b369234a876769_538343_242' to 1
2025-12-09 15:14:06.957 [IPController] queue::client b'\x00\xf4\xb0\xdcQ' submitted request '7941038b-b90ec61798b369234a876769_538343_243' to 2
2025-12-09 15:14:06.958 [IPController] queue::client b'\x00\xf4\xb0\xdcQ' submitted request '7941038b-b90ec61798b369234a876769_538343_244' to 3
2025-12-09 15:14:06.958 [IPController] queue::client b'\x00\xf4\xb0\xdcQ' submitted request '7941038b-b90ec61798b369234a876769_538343_245' to 4
2025-12-09 15:14:06.959 [IPController] queue::client b'\x00\xf4\xb0\xdcQ' submitted request '7941038b-b90ec61798b369234a876769_538343_246' to 5
2025-12-09 15:14:06.959 [IPController] queue::client b'\x00\xf4\xb0\xdcQ' submitted request '7941038b-b90ec61798b369234a876769_538343_247' to 6
2025-12-09 15:14:06.960 [IPController] queue::client b'\x00\xf4\xb0\xdcQ' submitted request '7941038b-b90ec61798b369234a876769_538343_248' to 7
2025-12-09 15:14:06.960 [IPController] queue::client b'\x00\xf4\xb0\xdcQ' submitted request '7941038b-b90ec61798b369234a876769_538343_249' to 8
2025-12-09 15:14:06.961 [IPController] queue::client b'\x00\xf4\xb0\xdcQ' submitted request '7941038b-b90ec61798b369234a876769_538343_250' to 9
2025-12-09 15:14:06.962 [IPController] queue::client b'\x00\xf4\xb0\xdcQ' submitted request '7941038b-b90ec61798b369234a876769_538343_251' to 10
2025-12-09 15:14:06.962 [IPController] queue::client b'\x00\xf4\xb0\xdcQ' submitted request '7941038b-b90ec61798b369234a876769_538343_252' to 11
2025-12-09 15:14:06.963 [IPController] queue::client b'\x00\xf4\xb0\xdcQ' submitted request '7941038b-b90ec61798b369234a876769_538343_253' to 12
2025-12-09 15:14:06.963 [IPController] queue::client b'\x00\xf4\xb0\xdcQ' submitted request '7941038b-b90ec61798b369234a876769_538343_254' to 13
2025-12-09 15:14:06.964 [IPController] queue::client b'\x00\xf4\xb0\xdcQ' submitted request '7941038b-b90ec61798b369234a876769_538343_255' to 14
2025-12-09 15:14:06.964 [IPController] queue::client b'\x00\xf4\xb0\xdcQ' submitted request '7941038b-b90ec61798b369234a876769_538343_256' to 15
2025-12-09 15:14:06.965 [IPController] queue::client b'\x00\xf4\xb0\xdcQ' submitted request '7941038b-b90ec61798b369234a876769_538343_257' to 16
2025-12-09 15:14:06.965 [IPController] queue::client b'\x00\xf4\xb0\xdcQ' submitted request '7941038b-b90ec61798b369234a876769_538343_258' to 17
2025-12-09 15:14:06.966 [IPController] queue::client b'\x00\xf4\xb0\xdcQ' submitted request '7941038b-b90ec61798b369234a876769_538343_259' to 18
2025-12-09 15:14:06.966 [IPController] queue::client b'\x00\xf4\xb0\xdcQ' submitted request '7941038b-b90ec61798b369234a876769_538343_260' to 19
2025-12-09 16:48:34.522 [IPController] queue::request '7941038b-b90ec61798b369234a876769_538343_258' completed on 17
2025-12-09 16:48:50.637 [IPController] queue::request '7941038b-b90ec61798b369234a876769_538343_259' completed on 18
2025-12-09 16:49:03.922 [IPController] queue::request '7941038b-b90ec61798b369234a876769_538343_247' completed on 6
2025-12-09 16:49:06.311 [IPController] queue::request '7941038b-b90ec61798b369234a876769_538343_256' completed on 15
2025-12-09 16:49:15.594 [IPController] queue::request '7941038b-b90ec61798b369234a876769_538343_251' completed on 10
2025-12-09 16:49:15.644 [IPController] queue::request '7941038b-b90ec61798b369234a876769_538343_250' completed on 9
2025-12-09 16:49:16.140 [IPController] queue::request '7941038b-b90ec61798b369234a876769_538343_242' completed on 1
2025-12-09 16:49:18.402 [IPController] queue::request '7941038b-b90ec61798b369234a876769_538343_257' completed on 16
2025-12-09 16:49:23.301 [IPController] queue::request '7941038b-b90ec61798b369234a876769_538343_245' completed on 4
2025-12-09 16:49:27.272 [IPController] queue::request '7941038b-b90ec61798b369234a876769_538343_248' completed on 7
2025-12-09 16:49:27.571 [IPController] queue::request '7941038b-b90ec61798b369234a876769_538343_246' completed on 5
2025-12-09 16:49:28.246 [IPController] queue::request '7941038b-b90ec61798b369234a876769_538343_255' completed on 14
2025-12-09 16:49:32.134 [IPController] queue::request '7941038b-b90ec61798b369234a876769_538343_249' completed on 8
2025-12-09 16:49:37.003 [IPController] queue::request '7941038b-b90ec61798b369234a876769_538343_244' completed on 3
2025-12-09 16:49:45.445 [IPController] queue::request '7941038b-b90ec61798b369234a876769_538343_243' completed on 2
2025-12-09 16:49:47.222 [IPController] queue::request '7941038b-b90ec61798b369234a876769_538343_253' completed on 12
2025-12-09 16:49:47.466 [IPController] queue::request '7941038b-b90ec61798b369234a876769_538343_254' completed on 13
2025-12-09 16:49:51.172 [IPController] queue::request '7941038b-b90ec61798b369234a876769_538343_252' completed on 11
2025-12-09 16:50:01.157 [IPController] queue::request '7941038b-b90ec61798b369234a876769_538343_260' completed on 19
2025-12-09 16:50:33.597 [IPController] queue::request '7941038b-b90ec61798b369234a876769_538343_241' completed on 0
