2025-12-05 11:38:33.082 [IPController] Hub listening on tcp://127.0.0.1:52316 for registration.
2025-12-05 11:38:33.083 [IPController] Hub using DB backend: DictDB
2025-12-05 11:38:33.337 [IPController] hub::created hub
2025-12-05 11:38:33.338 [IPController] writing connection info to /Users/peirui/Snudda/snudda/synaptic_fitting/.ipython/profile_default/security/ipcontroller-client.json
2025-12-05 11:38:33.338 [IPController] writing connection info to /Users/peirui/Snudda/snudda/synaptic_fitting/.ipython/profile_default/security/ipcontroller-engine.json
2025-12-05 11:38:33.338 [IPController] task::using Python leastload Task scheduler
2025-12-05 11:38:33.366 [IPController] Heartmonitor beating every 3000ms
2025-12-05 11:38:33.720 [broadcast-0] BroadcastScheduler 0 started
2025-12-05 11:38:33.722 [broadcast-01] BroadcastScheduler 01 started
2025-12-05 11:38:33.738 [broadcast-00] BroadcastScheduler 00 started
2025-12-05 11:38:33.756 [task] Task scheduler started [leastload]
2025-12-05 11:38:33.756 [IPController] client::client b'\x00\x80\x00A\xaa' requested 'connection_request'
2025-12-05 11:38:33.757 [IPController] client::client [b'\x00\x80\x00A\xaa'] connected
2025-12-05 11:38:33.767 [IPController] heartbeat::waiting for subscription
2025-12-05 11:38:33.768 [IPController] heartbeat::subscription started
2025-12-05 11:38:34.086 [IPController] client::client b'1bbdb3ec-5657f7149d7fb73ca428eb31' requested 'registration_request'
2025-12-05 11:38:34.086 [IPController] registration::accepting registration 0:1bbdb3ec-5657f7149d7fb73ca428eb31
2025-12-05 11:38:34.225 [IPController] client::client b'870d77ef-ae4163d712061c24c55168f0' requested 'registration_request'
2025-12-05 11:38:34.226 [IPController] registration::accepting registration 1:870d77ef-ae4163d712061c24c55168f0
2025-12-05 11:38:34.378 [IPController] client::client b'19da3beb-29d35002cf38065d06ad9d9d' requested 'registration_request'
2025-12-05 11:38:34.379 [IPController] registration::accepting registration 2:19da3beb-29d35002cf38065d06ad9d9d
2025-12-05 11:38:34.516 [IPController] client::client b'5a50ddd7-b674cdfe7d1efbc08eba34d6' requested 'registration_request'
2025-12-05 11:38:34.516 [IPController] registration::accepting registration 3:5a50ddd7-b674cdfe7d1efbc08eba34d6
2025-12-05 11:38:34.719 [IPController] client::client b'5da649cd-2e7d9564c9f2eee426079970' requested 'registration_request'
2025-12-05 11:38:34.720 [IPController] registration::accepting registration 4:5da649cd-2e7d9564c9f2eee426079970
2025-12-05 11:38:34.814 [IPController] client::client b'1a583171-29f3f744e080dbdc97e38eaa' requested 'registration_request'
2025-12-05 11:38:34.814 [IPController] registration::accepting registration 5:1a583171-29f3f744e080dbdc97e38eaa
2025-12-05 11:38:34.913 [IPController] client::client b'1d25e6f6-95ac0e6af0cbd85a02b27767' requested 'registration_request'
2025-12-05 11:38:34.914 [IPController] registration::accepting registration 6:1d25e6f6-95ac0e6af0cbd85a02b27767
2025-12-05 11:38:35.008 [IPController] client::client b'69923e43-398986a23ca65737bb2a7fa6' requested 'registration_request'
2025-12-05 11:38:35.009 [IPController] registration::accepting registration 7:69923e43-398986a23ca65737bb2a7fa6
2025-12-05 11:38:39.771 [IPController] Notifying hub of 8 new hearts
2025-12-05 11:38:39.794 [IPController] Registering 8 new hearts
2025-12-05 11:38:39.795 [IPController] registration::finished registering engine 5:1a583171-29f3f744e080dbdc97e38eaa in 4980ms
2025-12-05 11:38:39.797 [IPController] engine::Engine Connected: 5
2025-12-05 11:38:39.798 [IPController] registration::finished registering engine 6:1d25e6f6-95ac0e6af0cbd85a02b27767 in 4883ms
2025-12-05 11:38:39.798 [IPController] engine::Engine Connected: 6
2025-12-05 11:38:39.798 [IPController] registration::finished registering engine 0:1bbdb3ec-5657f7149d7fb73ca428eb31 in 5711ms
2025-12-05 11:38:39.798 [IPController] engine::Engine Connected: 0
2025-12-05 11:38:39.798 [IPController] registration::finished registering engine 2:19da3beb-29d35002cf38065d06ad9d9d in 5418ms
2025-12-05 11:38:39.798 [IPController] engine::Engine Connected: 2
2025-12-05 11:38:39.799 [IPController] registration::finished registering engine 1:870d77ef-ae4163d712061c24c55168f0 in 5572ms
2025-12-05 11:38:39.799 [IPController] engine::Engine Connected: 1
2025-12-05 11:38:39.799 [IPController] registration::finished registering engine 4:5da649cd-2e7d9564c9f2eee426079970 in 5078ms
2025-12-05 11:38:39.799 [IPController] engine::Engine Connected: 4
2025-12-05 11:38:39.799 [IPController] registration::finished registering engine 3:5a50ddd7-b674cdfe7d1efbc08eba34d6 in 5282ms
2025-12-05 11:38:39.800 [IPController] engine::Engine Connected: 3
2025-12-05 11:38:39.800 [IPController] registration::finished registering engine 7:69923e43-398986a23ca65737bb2a7fa6 in 4790ms
2025-12-05 11:38:39.800 [IPController] engine::Engine Connected: 7
2025-12-05 11:38:46.908 [IPController] client::client b'\x00\x80\x00A\xab' requested 'connection_request'
2025-12-05 11:38:46.910 [IPController] client::client [b'\x00\x80\x00A\xab'] connected
2025-12-05 11:38:46.995 [IPController] queue::client b'\x00\x80\x00A\xa7' submitted request '86a48aac-a55b1724e1c47d31d3b2ff29_5180_1' to 0
2025-12-05 11:38:46.997 [IPController] queue::client b'\x00\x80\x00A\xa7' submitted request '86a48aac-a55b1724e1c47d31d3b2ff29_5180_2' to 1
2025-12-05 11:38:46.997 [IPController] queue::client b'\x00\x80\x00A\xa7' submitted request '86a48aac-a55b1724e1c47d31d3b2ff29_5180_3' to 2
2025-12-05 11:38:46.998 [IPController] queue::client b'\x00\x80\x00A\xa7' submitted request '86a48aac-a55b1724e1c47d31d3b2ff29_5180_4' to 3
2025-12-05 11:38:46.998 [IPController] queue::client b'\x00\x80\x00A\xa7' submitted request '86a48aac-a55b1724e1c47d31d3b2ff29_5180_5' to 4
2025-12-05 11:38:47.036 [IPController] queue::client b'\x00\x80\x00A\xa7' submitted request '86a48aac-a55b1724e1c47d31d3b2ff29_5180_6' to 5
2025-12-05 11:38:47.037 [IPController] queue::client b'\x00\x80\x00A\xa7' submitted request '86a48aac-a55b1724e1c47d31d3b2ff29_5180_7' to 6
2025-12-05 11:38:47.038 [IPController] queue::client b'\x00\x80\x00A\xa7' submitted request '86a48aac-a55b1724e1c47d31d3b2ff29_5180_8' to 7
2025-12-05 11:38:47.040 [IPController] queue::client b'\x00\x80\x00A\xa7' submitted request '86a48aac-a55b1724e1c47d31d3b2ff29_5180_9' to 0
2025-12-05 11:38:47.042 [IPController] queue::client b'\x00\x80\x00A\xa7' submitted request '86a48aac-a55b1724e1c47d31d3b2ff29_5180_10' to 1
2025-12-05 11:38:47.045 [IPController] queue::client b'\x00\x80\x00A\xa7' submitted request '86a48aac-a55b1724e1c47d31d3b2ff29_5180_11' to 2
2025-12-05 11:38:47.049 [IPController] queue::client b'\x00\x80\x00A\xa7' submitted request '86a48aac-a55b1724e1c47d31d3b2ff29_5180_12' to 3
2025-12-05 11:38:47.051 [IPController] queue::client b'\x00\x80\x00A\xa7' submitted request '86a48aac-a55b1724e1c47d31d3b2ff29_5180_13' to 4
2025-12-05 11:38:47.053 [IPController] queue::client b'\x00\x80\x00A\xa7' submitted request '86a48aac-a55b1724e1c47d31d3b2ff29_5180_14' to 5
2025-12-05 11:38:47.056 [IPController] queue::client b'\x00\x80\x00A\xa7' submitted request '86a48aac-a55b1724e1c47d31d3b2ff29_5180_15' to 6
2025-12-05 11:38:47.057 [IPController] queue::client b'\x00\x80\x00A\xa7' submitted request '86a48aac-a55b1724e1c47d31d3b2ff29_5180_16' to 7
2025-12-05 11:38:47.058 [IPController] queue::client b'\x00\x80\x00A\xa7' submitted request '86a48aac-a55b1724e1c47d31d3b2ff29_5180_17' to 0
2025-12-05 11:38:47.060 [IPController] queue::client b'\x00\x80\x00A\xa7' submitted request '86a48aac-a55b1724e1c47d31d3b2ff29_5180_18' to 1
2025-12-05 11:38:47.060 [IPController] queue::client b'\x00\x80\x00A\xa7' submitted request '86a48aac-a55b1724e1c47d31d3b2ff29_5180_19' to 2
2025-12-05 11:38:47.065 [IPController] queue::client b'\x00\x80\x00A\xa7' submitted request '86a48aac-a55b1724e1c47d31d3b2ff29_5180_20' to 3
2025-12-05 11:38:47.066 [IPController] queue::client b'\x00\x80\x00A\xa7' submitted request '86a48aac-a55b1724e1c47d31d3b2ff29_5180_21' to 4
2025-12-05 11:38:47.066 [IPController] queue::client b'\x00\x80\x00A\xa7' submitted request '86a48aac-a55b1724e1c47d31d3b2ff29_5180_22' to 5
2025-12-05 11:38:47.067 [IPController] queue::client b'\x00\x80\x00A\xa7' submitted request '86a48aac-a55b1724e1c47d31d3b2ff29_5180_23' to 6
2025-12-05 11:38:47.068 [IPController] queue::client b'\x00\x80\x00A\xa7' submitted request '86a48aac-a55b1724e1c47d31d3b2ff29_5180_24' to 7
2025-12-05 11:38:47.070 [IPController] queue::client b'\x00\x80\x00A\xa7' submitted request '86a48aac-a55b1724e1c47d31d3b2ff29_5180_25' to 0
2025-12-05 11:38:47.071 [IPController] queue::client b'\x00\x80\x00A\xa7' submitted request '86a48aac-a55b1724e1c47d31d3b2ff29_5180_26' to 1
2025-12-05 11:38:47.072 [IPController] queue::client b'\x00\x80\x00A\xa7' submitted request '86a48aac-a55b1724e1c47d31d3b2ff29_5180_27' to 2
2025-12-05 11:38:47.073 [IPController] queue::client b'\x00\x80\x00A\xa7' submitted request '86a48aac-a55b1724e1c47d31d3b2ff29_5180_28' to 3
2025-12-05 11:38:47.075 [IPController] queue::client b'\x00\x80\x00A\xa7' submitted request '86a48aac-a55b1724e1c47d31d3b2ff29_5180_29' to 4
2025-12-05 11:38:47.078 [IPController] queue::client b'\x00\x80\x00A\xa7' submitted request '86a48aac-a55b1724e1c47d31d3b2ff29_5180_30' to 5
2025-12-05 11:38:47.080 [IPController] queue::client b'\x00\x80\x00A\xa7' submitted request '86a48aac-a55b1724e1c47d31d3b2ff29_5180_31' to 6
2025-12-05 11:38:47.080 [IPController] queue::client b'\x00\x80\x00A\xa7' submitted request '86a48aac-a55b1724e1c47d31d3b2ff29_5180_32' to 7
2025-12-05 11:38:47.163 [IPController] queue::request '86a48aac-a55b1724e1c47d31d3b2ff29_5180_1' completed on 0
2025-12-05 11:38:47.179 [IPController] queue::request '86a48aac-a55b1724e1c47d31d3b2ff29_5180_3' completed on 2
2025-12-05 11:38:47.182 [IPController] queue::request '86a48aac-a55b1724e1c47d31d3b2ff29_5180_7' completed on 6
2025-12-05 11:38:47.188 [IPController] queue::request '86a48aac-a55b1724e1c47d31d3b2ff29_5180_5' completed on 4
2025-12-05 11:38:47.191 [IPController] queue::request '86a48aac-a55b1724e1c47d31d3b2ff29_5180_4' completed on 3
2025-12-05 11:38:47.194 [IPController] queue::request '86a48aac-a55b1724e1c47d31d3b2ff29_5180_6' completed on 5
2025-12-05 11:38:47.194 [IPController] queue::request '86a48aac-a55b1724e1c47d31d3b2ff29_5180_8' completed on 7
2025-12-05 11:38:47.197 [IPController] queue::request '86a48aac-a55b1724e1c47d31d3b2ff29_5180_2' completed on 1
2025-12-05 11:38:49.073 [IPController] queue::request '86a48aac-a55b1724e1c47d31d3b2ff29_5180_15' completed on 6
2025-12-05 11:38:49.077 [IPController] queue::request '86a48aac-a55b1724e1c47d31d3b2ff29_5180_12' completed on 3
2025-12-05 11:38:49.163 [IPController] queue::request '86a48aac-a55b1724e1c47d31d3b2ff29_5180_16' completed on 7
2025-12-05 11:38:49.164 [IPController] queue::request '86a48aac-a55b1724e1c47d31d3b2ff29_5180_11' completed on 2
2025-12-05 11:38:49.168 [IPController] queue::request '86a48aac-a55b1724e1c47d31d3b2ff29_5180_13' completed on 4
2025-12-05 11:38:49.169 [IPController] queue::request '86a48aac-a55b1724e1c47d31d3b2ff29_5180_9' completed on 0
2025-12-05 11:38:49.176 [IPController] queue::request '86a48aac-a55b1724e1c47d31d3b2ff29_5180_10' completed on 1
2025-12-05 11:38:49.192 [IPController] queue::request '86a48aac-a55b1724e1c47d31d3b2ff29_5180_14' completed on 5
2025-12-05 11:38:49.539 [IPController] queue::request '86a48aac-a55b1724e1c47d31d3b2ff29_5180_23' completed on 6
2025-12-05 11:38:49.546 [IPController] queue::request '86a48aac-a55b1724e1c47d31d3b2ff29_5180_20' completed on 3
2025-12-05 11:38:49.547 [IPController] queue::request '86a48aac-a55b1724e1c47d31d3b2ff29_5180_31' completed on 6
2025-12-05 11:38:49.548 [IPController] queue::request '86a48aac-a55b1724e1c47d31d3b2ff29_5180_28' completed on 3
2025-12-05 11:38:49.739 [IPController] queue::request '86a48aac-a55b1724e1c47d31d3b2ff29_5180_18' completed on 1
2025-12-05 11:38:49.746 [IPController] queue::request '86a48aac-a55b1724e1c47d31d3b2ff29_5180_26' completed on 1
2025-12-05 11:38:49.751 [IPController] queue::request '86a48aac-a55b1724e1c47d31d3b2ff29_5180_24' completed on 7
2025-12-05 11:38:49.754 [IPController] queue::request '86a48aac-a55b1724e1c47d31d3b2ff29_5180_32' completed on 7
2025-12-05 11:38:49.764 [IPController] queue::request '86a48aac-a55b1724e1c47d31d3b2ff29_5180_21' completed on 4
2025-12-05 11:38:49.766 [IPController] queue::request '86a48aac-a55b1724e1c47d31d3b2ff29_5180_29' completed on 4
2025-12-05 11:38:49.776 [IPController] queue::request '86a48aac-a55b1724e1c47d31d3b2ff29_5180_17' completed on 0
2025-12-05 11:38:49.778 [IPController] queue::request '86a48aac-a55b1724e1c47d31d3b2ff29_5180_25' completed on 0
2025-12-05 11:38:49.786 [IPController] queue::request '86a48aac-a55b1724e1c47d31d3b2ff29_5180_22' completed on 5
2025-12-05 11:38:49.789 [IPController] queue::request '86a48aac-a55b1724e1c47d31d3b2ff29_5180_30' completed on 5
2025-12-05 11:38:49.790 [IPController] queue::request '86a48aac-a55b1724e1c47d31d3b2ff29_5180_19' completed on 2
2025-12-05 11:38:49.792 [IPController] queue::request '86a48aac-a55b1724e1c47d31d3b2ff29_5180_27' completed on 2
2025-12-05 11:38:49.798 [IPController] queue::client b'\x00\x80\x00A\xa7' submitted request '86a48aac-a55b1724e1c47d31d3b2ff29_5180_33' to 0
2025-12-05 11:38:49.798 [IPController] queue::client b'\x00\x80\x00A\xa7' submitted request '86a48aac-a55b1724e1c47d31d3b2ff29_5180_34' to 1
2025-12-05 11:38:49.798 [IPController] queue::client b'\x00\x80\x00A\xa7' submitted request '86a48aac-a55b1724e1c47d31d3b2ff29_5180_35' to 2
2025-12-05 11:38:49.799 [IPController] queue::client b'\x00\x80\x00A\xa7' submitted request '86a48aac-a55b1724e1c47d31d3b2ff29_5180_36' to 3
2025-12-05 11:38:49.800 [IPController] queue::client b'\x00\x80\x00A\xa7' submitted request '86a48aac-a55b1724e1c47d31d3b2ff29_5180_37' to 4
2025-12-05 11:38:49.801 [IPController] queue::client b'\x00\x80\x00A\xa7' submitted request '86a48aac-a55b1724e1c47d31d3b2ff29_5180_38' to 5
2025-12-05 11:38:49.802 [IPController] queue::client b'\x00\x80\x00A\xa7' submitted request '86a48aac-a55b1724e1c47d31d3b2ff29_5180_39' to 6
2025-12-05 11:38:49.803 [IPController] queue::client b'\x00\x80\x00A\xa7' submitted request '86a48aac-a55b1724e1c47d31d3b2ff29_5180_40' to 7
2025-12-05 11:38:49.803 [IPController] queue::request '86a48aac-a55b1724e1c47d31d3b2ff29_5180_35' completed on 2
2025-12-05 11:38:49.803 [IPController] queue::request '86a48aac-a55b1724e1c47d31d3b2ff29_5180_34' completed on 1
2025-12-05 11:38:49.804 [IPController] queue::request '86a48aac-a55b1724e1c47d31d3b2ff29_5180_38' completed on 5
2025-12-05 11:38:49.805 [IPController] queue::request '86a48aac-a55b1724e1c47d31d3b2ff29_5180_37' completed on 4
2025-12-05 11:38:49.805 [IPController] queue::request '86a48aac-a55b1724e1c47d31d3b2ff29_5180_40' completed on 7
2025-12-05 11:38:49.806 [IPController] queue::request '86a48aac-a55b1724e1c47d31d3b2ff29_5180_39' completed on 6
2025-12-05 11:38:49.806 [IPController] queue::request '86a48aac-a55b1724e1c47d31d3b2ff29_5180_33' completed on 0
2025-12-05 11:38:49.808 [IPController] queue::request '86a48aac-a55b1724e1c47d31d3b2ff29_5180_36' completed on 3
2025-12-05 11:38:49.810 [IPController] queue::client b'\x00\x80\x00A\xa7' submitted request '86a48aac-a55b1724e1c47d31d3b2ff29_5180_41' to 0
2025-12-05 11:38:49.810 [IPController] queue::client b'\x00\x80\x00A\xa7' submitted request '86a48aac-a55b1724e1c47d31d3b2ff29_5180_42' to 1
2025-12-05 11:38:49.810 [IPController] queue::client b'\x00\x80\x00A\xa7' submitted request '86a48aac-a55b1724e1c47d31d3b2ff29_5180_43' to 2
2025-12-05 11:38:49.811 [IPController] queue::client b'\x00\x80\x00A\xa7' submitted request '86a48aac-a55b1724e1c47d31d3b2ff29_5180_44' to 3
2025-12-05 11:38:49.811 [IPController] queue::client b'\x00\x80\x00A\xa7' submitted request '86a48aac-a55b1724e1c47d31d3b2ff29_5180_45' to 4
2025-12-05 11:38:49.811 [IPController] queue::client b'\x00\x80\x00A\xa7' submitted request '86a48aac-a55b1724e1c47d31d3b2ff29_5180_46' to 5
2025-12-05 11:38:49.812 [IPController] queue::client b'\x00\x80\x00A\xa7' submitted request '86a48aac-a55b1724e1c47d31d3b2ff29_5180_47' to 6
2025-12-05 11:38:49.812 [IPController] queue::client b'\x00\x80\x00A\xa7' submitted request '86a48aac-a55b1724e1c47d31d3b2ff29_5180_48' to 7
2025-12-05 11:38:49.813 [IPController] queue::request '86a48aac-a55b1724e1c47d31d3b2ff29_5180_42' completed on 1
2025-12-05 11:38:49.814 [IPController] queue::request '86a48aac-a55b1724e1c47d31d3b2ff29_5180_43' completed on 2
2025-12-05 11:38:49.814 [IPController] queue::request '86a48aac-a55b1724e1c47d31d3b2ff29_5180_46' completed on 5
2025-12-05 11:38:49.815 [IPController] queue::request '86a48aac-a55b1724e1c47d31d3b2ff29_5180_45' completed on 4
2025-12-05 11:38:49.815 [IPController] queue::request '86a48aac-a55b1724e1c47d31d3b2ff29_5180_48' completed on 7
2025-12-05 11:38:49.815 [IPController] queue::request '86a48aac-a55b1724e1c47d31d3b2ff29_5180_47' completed on 6
2025-12-05 11:38:49.817 [IPController] queue::request '86a48aac-a55b1724e1c47d31d3b2ff29_5180_41' completed on 0
2025-12-05 11:38:49.817 [IPController] queue::request '86a48aac-a55b1724e1c47d31d3b2ff29_5180_44' completed on 3
2025-12-05 11:38:49.818 [IPController] queue::client b'\x00\x80\x00A\xa7' submitted request '86a48aac-a55b1724e1c47d31d3b2ff29_5180_49' to 0
2025-12-05 11:38:49.819 [IPController] queue::client b'\x00\x80\x00A\xa7' submitted request '86a48aac-a55b1724e1c47d31d3b2ff29_5180_50' to 1
2025-12-05 11:38:49.819 [IPController] queue::client b'\x00\x80\x00A\xa7' submitted request '86a48aac-a55b1724e1c47d31d3b2ff29_5180_51' to 2
2025-12-05 11:38:49.819 [IPController] queue::client b'\x00\x80\x00A\xa7' submitted request '86a48aac-a55b1724e1c47d31d3b2ff29_5180_52' to 3
2025-12-05 11:38:49.820 [IPController] queue::client b'\x00\x80\x00A\xa7' submitted request '86a48aac-a55b1724e1c47d31d3b2ff29_5180_53' to 4
2025-12-05 11:38:49.821 [IPController] queue::client b'\x00\x80\x00A\xa7' submitted request '86a48aac-a55b1724e1c47d31d3b2ff29_5180_54' to 5
2025-12-05 11:38:49.821 [IPController] queue::client b'\x00\x80\x00A\xa7' submitted request '86a48aac-a55b1724e1c47d31d3b2ff29_5180_55' to 6
2025-12-05 11:38:49.822 [IPController] queue::client b'\x00\x80\x00A\xa7' submitted request '86a48aac-a55b1724e1c47d31d3b2ff29_5180_56' to 7
2025-12-05 11:38:49.835 [IPController] queue::request '86a48aac-a55b1724e1c47d31d3b2ff29_5180_50' completed on 1
2025-12-05 11:38:49.835 [IPController] queue::request '86a48aac-a55b1724e1c47d31d3b2ff29_5180_53' completed on 4
2025-12-05 11:38:49.836 [IPController] queue::request '86a48aac-a55b1724e1c47d31d3b2ff29_5180_54' completed on 5
2025-12-05 11:38:49.837 [IPController] queue::request '86a48aac-a55b1724e1c47d31d3b2ff29_5180_56' completed on 7
2025-12-05 11:38:49.837 [IPController] queue::request '86a48aac-a55b1724e1c47d31d3b2ff29_5180_51' completed on 2
2025-12-05 11:38:49.838 [IPController] queue::request '86a48aac-a55b1724e1c47d31d3b2ff29_5180_55' completed on 6
2025-12-05 11:38:49.842 [IPController] queue::request '86a48aac-a55b1724e1c47d31d3b2ff29_5180_52' completed on 3
2025-12-05 11:38:49.843 [IPController] queue::request '86a48aac-a55b1724e1c47d31d3b2ff29_5180_49' completed on 0
2025-12-05 11:38:58.931 [IPController] queue::client b'\x00\x80\x00A\xa7' submitted request '86a48aac-a55b1724e1c47d31d3b2ff29_5180_57' to 0
2025-12-05 11:38:58.938 [IPController] queue::client b'\x00\x80\x00A\xa7' submitted request '86a48aac-a55b1724e1c47d31d3b2ff29_5180_58' to 1
2025-12-05 11:38:58.939 [IPController] queue::client b'\x00\x80\x00A\xa7' submitted request '86a48aac-a55b1724e1c47d31d3b2ff29_5180_59' to 2
2025-12-05 11:38:58.940 [IPController] queue::client b'\x00\x80\x00A\xa7' submitted request '86a48aac-a55b1724e1c47d31d3b2ff29_5180_60' to 3
2025-12-05 11:38:58.941 [IPController] queue::client b'\x00\x80\x00A\xa7' submitted request '86a48aac-a55b1724e1c47d31d3b2ff29_5180_61' to 4
2025-12-05 11:38:58.942 [IPController] queue::client b'\x00\x80\x00A\xa7' submitted request '86a48aac-a55b1724e1c47d31d3b2ff29_5180_62' to 5
2025-12-05 11:38:58.943 [IPController] queue::client b'\x00\x80\x00A\xa7' submitted request '86a48aac-a55b1724e1c47d31d3b2ff29_5180_63' to 6
2025-12-05 11:38:58.944 [IPController] queue::client b'\x00\x80\x00A\xa7' submitted request '86a48aac-a55b1724e1c47d31d3b2ff29_5180_64' to 7
2025-12-05 11:38:58.953 [IPController] queue::request '86a48aac-a55b1724e1c47d31d3b2ff29_5180_58' completed on 1
2025-12-05 11:38:58.964 [IPController] queue::request '86a48aac-a55b1724e1c47d31d3b2ff29_5180_57' completed on 0
2025-12-05 11:38:58.965 [IPController] queue::request '86a48aac-a55b1724e1c47d31d3b2ff29_5180_59' completed on 2
2025-12-05 11:38:58.966 [IPController] queue::request '86a48aac-a55b1724e1c47d31d3b2ff29_5180_60' completed on 3
2025-12-05 11:38:58.967 [IPController] queue::request '86a48aac-a55b1724e1c47d31d3b2ff29_5180_62' completed on 5
2025-12-05 11:38:58.967 [IPController] queue::request '86a48aac-a55b1724e1c47d31d3b2ff29_5180_63' completed on 6
2025-12-05 11:38:58.968 [IPController] queue::request '86a48aac-a55b1724e1c47d31d3b2ff29_5180_64' completed on 7
2025-12-05 11:38:58.968 [IPController] queue::request '86a48aac-a55b1724e1c47d31d3b2ff29_5180_61' completed on 4
2025-12-05 11:38:58.970 [IPController] queue::client b'\x00\x80\x00A\xa7' submitted request '86a48aac-a55b1724e1c47d31d3b2ff29_5180_65' to 0
2025-12-05 11:38:58.970 [IPController] queue::client b'\x00\x80\x00A\xa7' submitted request '86a48aac-a55b1724e1c47d31d3b2ff29_5180_66' to 1
2025-12-05 11:38:58.971 [IPController] queue::client b'\x00\x80\x00A\xa7' submitted request '86a48aac-a55b1724e1c47d31d3b2ff29_5180_67' to 2
2025-12-05 11:38:58.971 [IPController] queue::client b'\x00\x80\x00A\xa7' submitted request '86a48aac-a55b1724e1c47d31d3b2ff29_5180_68' to 3
2025-12-05 11:38:58.972 [IPController] queue::client b'\x00\x80\x00A\xa7' submitted request '86a48aac-a55b1724e1c47d31d3b2ff29_5180_69' to 4
2025-12-05 11:38:58.972 [IPController] queue::client b'\x00\x80\x00A\xa7' submitted request '86a48aac-a55b1724e1c47d31d3b2ff29_5180_70' to 5
2025-12-05 11:38:58.973 [IPController] queue::client b'\x00\x80\x00A\xa7' submitted request '86a48aac-a55b1724e1c47d31d3b2ff29_5180_71' to 6
2025-12-05 11:38:58.974 [IPController] queue::client b'\x00\x80\x00A\xa7' submitted request '86a48aac-a55b1724e1c47d31d3b2ff29_5180_72' to 7
2025-12-05 11:38:58.975 [IPController] queue::request '86a48aac-a55b1724e1c47d31d3b2ff29_5180_66' completed on 1
2025-12-05 11:38:58.976 [IPController] queue::request '86a48aac-a55b1724e1c47d31d3b2ff29_5180_69' completed on 4
2025-12-05 11:38:58.977 [IPController] queue::request '86a48aac-a55b1724e1c47d31d3b2ff29_5180_67' completed on 2
2025-12-05 11:38:58.978 [IPController] queue::request '86a48aac-a55b1724e1c47d31d3b2ff29_5180_65' completed on 0
2025-12-05 11:38:58.978 [IPController] queue::request '86a48aac-a55b1724e1c47d31d3b2ff29_5180_70' completed on 5
2025-12-05 11:38:58.978 [IPController] queue::request '86a48aac-a55b1724e1c47d31d3b2ff29_5180_71' completed on 6
2025-12-05 11:38:58.979 [IPController] queue::request '86a48aac-a55b1724e1c47d31d3b2ff29_5180_68' completed on 3
2025-12-05 11:38:58.979 [IPController] queue::request '86a48aac-a55b1724e1c47d31d3b2ff29_5180_72' completed on 7
2025-12-05 11:38:58.980 [IPController] queue::client b'\x00\x80\x00A\xa7' submitted request '86a48aac-a55b1724e1c47d31d3b2ff29_5180_73' to 0
2025-12-05 11:38:58.981 [IPController] queue::client b'\x00\x80\x00A\xa7' submitted request '86a48aac-a55b1724e1c47d31d3b2ff29_5180_74' to 1
2025-12-05 11:38:58.981 [IPController] queue::client b'\x00\x80\x00A\xa7' submitted request '86a48aac-a55b1724e1c47d31d3b2ff29_5180_75' to 2
2025-12-05 11:38:58.982 [IPController] queue::client b'\x00\x80\x00A\xa7' submitted request '86a48aac-a55b1724e1c47d31d3b2ff29_5180_76' to 3
2025-12-05 11:38:58.982 [IPController] queue::client b'\x00\x80\x00A\xa7' submitted request '86a48aac-a55b1724e1c47d31d3b2ff29_5180_77' to 4
2025-12-05 11:38:58.984 [IPController] queue::client b'\x00\x80\x00A\xa7' submitted request '86a48aac-a55b1724e1c47d31d3b2ff29_5180_78' to 5
2025-12-05 11:38:58.985 [IPController] queue::client b'\x00\x80\x00A\xa7' submitted request '86a48aac-a55b1724e1c47d31d3b2ff29_5180_79' to 6
2025-12-05 11:38:58.985 [IPController] queue::client b'\x00\x80\x00A\xa7' submitted request '86a48aac-a55b1724e1c47d31d3b2ff29_5180_80' to 7
2025-12-05 11:38:59.001 [IPController] queue::request '86a48aac-a55b1724e1c47d31d3b2ff29_5180_75' completed on 2
2025-12-05 11:38:59.003 [IPController] queue::request '86a48aac-a55b1724e1c47d31d3b2ff29_5180_77' completed on 4
2025-12-05 11:38:59.004 [IPController] queue::request '86a48aac-a55b1724e1c47d31d3b2ff29_5180_74' completed on 1
2025-12-05 11:38:59.004 [IPController] queue::request '86a48aac-a55b1724e1c47d31d3b2ff29_5180_78' completed on 5
2025-12-05 11:38:59.005 [IPController] queue::request '86a48aac-a55b1724e1c47d31d3b2ff29_5180_73' completed on 0
2025-12-05 11:38:59.006 [IPController] queue::request '86a48aac-a55b1724e1c47d31d3b2ff29_5180_80' completed on 7
2025-12-05 11:38:59.007 [IPController] queue::request '86a48aac-a55b1724e1c47d31d3b2ff29_5180_79' completed on 6
2025-12-05 11:38:59.020 [IPController] queue::request '86a48aac-a55b1724e1c47d31d3b2ff29_5180_76' completed on 3
2025-12-05 11:38:59.023 [IPController] queue::client b'\x00\x80\x00A\xa7' submitted request '86a48aac-a55b1724e1c47d31d3b2ff29_5180_81' to 0
2025-12-05 11:38:59.023 [IPController] queue::client b'\x00\x80\x00A\xa7' submitted request '86a48aac-a55b1724e1c47d31d3b2ff29_5180_82' to 1
2025-12-05 11:38:59.023 [IPController] queue::client b'\x00\x80\x00A\xa7' submitted request '86a48aac-a55b1724e1c47d31d3b2ff29_5180_83' to 2
2025-12-05 11:38:59.024 [IPController] queue::client b'\x00\x80\x00A\xa7' submitted request '86a48aac-a55b1724e1c47d31d3b2ff29_5180_84' to 3
2025-12-05 11:38:59.025 [IPController] queue::client b'\x00\x80\x00A\xa7' submitted request '86a48aac-a55b1724e1c47d31d3b2ff29_5180_85' to 4
2025-12-05 11:38:59.026 [IPController] queue::client b'\x00\x80\x00A\xa7' submitted request '86a48aac-a55b1724e1c47d31d3b2ff29_5180_86' to 5
2025-12-05 11:38:59.026 [IPController] queue::client b'\x00\x80\x00A\xa7' submitted request '86a48aac-a55b1724e1c47d31d3b2ff29_5180_87' to 6
2025-12-05 11:38:59.028 [IPController] queue::client b'\x00\x80\x00A\xa7' submitted request '86a48aac-a55b1724e1c47d31d3b2ff29_5180_88' to 7
2025-12-05 11:39:11.373 [IPController] queue::request '86a48aac-a55b1724e1c47d31d3b2ff29_5180_83' completed on 2
2025-12-05 11:39:11.493 [IPController] queue::request '86a48aac-a55b1724e1c47d31d3b2ff29_5180_88' completed on 7
2025-12-05 11:39:11.674 [IPController] queue::request '86a48aac-a55b1724e1c47d31d3b2ff29_5180_85' completed on 4
2025-12-05 11:39:11.745 [IPController] queue::request '86a48aac-a55b1724e1c47d31d3b2ff29_5180_86' completed on 5
2025-12-05 11:39:11.868 [IPController] queue::request '86a48aac-a55b1724e1c47d31d3b2ff29_5180_82' completed on 1
2025-12-05 11:39:11.911 [IPController] queue::request '86a48aac-a55b1724e1c47d31d3b2ff29_5180_81' completed on 0
2025-12-05 11:39:12.072 [IPController] queue::request '86a48aac-a55b1724e1c47d31d3b2ff29_5180_84' completed on 3
2025-12-05 11:39:12.142 [IPController] queue::request '86a48aac-a55b1724e1c47d31d3b2ff29_5180_87' completed on 6
2025-12-05 11:39:12.144 [IPController] queue::client b'\x00\x80\x00A\xa7' submitted request '86a48aac-a55b1724e1c47d31d3b2ff29_5180_89' to 0
2025-12-05 11:39:12.144 [IPController] queue::client b'\x00\x80\x00A\xa7' submitted request '86a48aac-a55b1724e1c47d31d3b2ff29_5180_90' to 1
2025-12-05 11:39:12.145 [IPController] queue::client b'\x00\x80\x00A\xa7' submitted request '86a48aac-a55b1724e1c47d31d3b2ff29_5180_91' to 2
2025-12-05 11:39:12.145 [IPController] queue::client b'\x00\x80\x00A\xa7' submitted request '86a48aac-a55b1724e1c47d31d3b2ff29_5180_92' to 3
2025-12-05 11:39:12.146 [IPController] queue::client b'\x00\x80\x00A\xa7' submitted request '86a48aac-a55b1724e1c47d31d3b2ff29_5180_93' to 4
2025-12-05 11:39:12.146 [IPController] queue::client b'\x00\x80\x00A\xa7' submitted request '86a48aac-a55b1724e1c47d31d3b2ff29_5180_94' to 5
2025-12-05 11:39:12.147 [IPController] queue::client b'\x00\x80\x00A\xa7' submitted request '86a48aac-a55b1724e1c47d31d3b2ff29_5180_95' to 6
2025-12-05 11:39:12.147 [IPController] queue::client b'\x00\x80\x00A\xa7' submitted request '86a48aac-a55b1724e1c47d31d3b2ff29_5180_96' to 7
2025-12-05 11:39:12.151 [IPController] queue::request '86a48aac-a55b1724e1c47d31d3b2ff29_5180_91' completed on 2
2025-12-05 11:39:12.152 [IPController] queue::request '86a48aac-a55b1724e1c47d31d3b2ff29_5180_89' completed on 0
2025-12-05 11:39:12.152 [IPController] queue::request '86a48aac-a55b1724e1c47d31d3b2ff29_5180_93' completed on 4
2025-12-05 11:39:12.153 [IPController] queue::request '86a48aac-a55b1724e1c47d31d3b2ff29_5180_92' completed on 3
2025-12-05 11:39:12.153 [IPController] queue::request '86a48aac-a55b1724e1c47d31d3b2ff29_5180_90' completed on 1
2025-12-05 11:39:12.155 [IPController] queue::request '86a48aac-a55b1724e1c47d31d3b2ff29_5180_94' completed on 5
2025-12-05 11:39:12.156 [IPController] queue::request '86a48aac-a55b1724e1c47d31d3b2ff29_5180_95' completed on 6
2025-12-05 11:39:12.156 [IPController] queue::request '86a48aac-a55b1724e1c47d31d3b2ff29_5180_96' completed on 7
2025-12-05 11:39:12.164 [IPController] queue::client b'\x00\x80\x00A\xa7' submitted request '86a48aac-a55b1724e1c47d31d3b2ff29_5180_97' to 0
2025-12-05 11:39:12.165 [IPController] queue::client b'\x00\x80\x00A\xa7' submitted request '86a48aac-a55b1724e1c47d31d3b2ff29_5180_98' to 1
2025-12-05 11:39:12.166 [IPController] queue::client b'\x00\x80\x00A\xa7' submitted request '86a48aac-a55b1724e1c47d31d3b2ff29_5180_99' to 2
2025-12-05 11:39:12.166 [IPController] queue::client b'\x00\x80\x00A\xa7' submitted request '86a48aac-a55b1724e1c47d31d3b2ff29_5180_100' to 3
2025-12-05 11:39:12.167 [IPController] queue::client b'\x00\x80\x00A\xa7' submitted request '86a48aac-a55b1724e1c47d31d3b2ff29_5180_101' to 4
2025-12-05 11:39:12.167 [IPController] queue::client b'\x00\x80\x00A\xa7' submitted request '86a48aac-a55b1724e1c47d31d3b2ff29_5180_102' to 5
2025-12-05 11:39:12.167 [IPController] queue::client b'\x00\x80\x00A\xa7' submitted request '86a48aac-a55b1724e1c47d31d3b2ff29_5180_103' to 6
2025-12-05 11:39:12.168 [IPController] queue::client b'\x00\x80\x00A\xa7' submitted request '86a48aac-a55b1724e1c47d31d3b2ff29_5180_104' to 7
2025-12-05 11:42:52.929 [IPController] client::client b'\x00\x80\x00A\xac' requested 'unregistration_request'
2025-12-05 11:42:52.930 [IPController] registration::unregister_engine(3)
2025-12-05 11:42:56.037 [IPController] client::client b'\x00\x80\x00A\xad' requested 'unregistration_request'
2025-12-05 11:42:56.037 [IPController] registration::unregister_engine(2)
2025-12-05 11:42:57.773 [IPController] heartbeat::missed b'5a50ddd7-b674cdfe7d1efbc08eba34d6' : 1
2025-12-05 11:43:00.770 [IPController] heartbeat::missed b'5a50ddd7-b674cdfe7d1efbc08eba34d6' : 2
2025-12-05 11:43:00.770 [IPController] heartbeat::missed b'19da3beb-29d35002cf38065d06ad9d9d' : 1
2025-12-05 11:43:02.837 [IPController] client::client b'\x00\x80\x00A\xae' requested 'unregistration_request'
2025-12-05 11:43:02.837 [IPController] registration::unregister_engine(4)
2025-12-05 11:43:03.770 [IPController] heartbeat::missed b'5a50ddd7-b674cdfe7d1efbc08eba34d6' : 3
2025-12-05 11:43:03.770 [IPController] heartbeat::missed b'19da3beb-29d35002cf38065d06ad9d9d' : 2
2025-12-05 11:43:06.591 [IPController] client::client b'\x00\x80\x00A\xaf' requested 'unregistration_request'
2025-12-05 11:43:06.591 [IPController] registration::unregister_engine(7)
2025-12-05 11:43:06.770 [IPController] heartbeat::missed b'5a50ddd7-b674cdfe7d1efbc08eba34d6' : 4
2025-12-05 11:43:06.770 [IPController] heartbeat::missed b'19da3beb-29d35002cf38065d06ad9d9d' : 3
2025-12-05 11:43:06.770 [IPController] heartbeat::missed b'5da649cd-2e7d9564c9f2eee426079970' : 1
2025-12-05 11:43:09.479 [IPController] client::client b'\x00\x80\x00A\xb0' requested 'unregistration_request'
2025-12-05 11:43:09.479 [IPController] registration::unregister_engine(5)
2025-12-05 11:43:09.770 [IPController] heartbeat::missed b'69923e43-398986a23ca65737bb2a7fa6' : 1
2025-12-05 11:43:09.770 [IPController] heartbeat::missed b'5a50ddd7-b674cdfe7d1efbc08eba34d6' : 5
2025-12-05 11:43:09.770 [IPController] heartbeat::missed b'19da3beb-29d35002cf38065d06ad9d9d' : 4
2025-12-05 11:43:09.770 [IPController] heartbeat::missed b'5da649cd-2e7d9564c9f2eee426079970' : 2
2025-12-05 11:43:12.770 [IPController] heartbeat::missed b'1a583171-29f3f744e080dbdc97e38eaa' : 1
2025-12-05 11:43:12.770 [IPController] heartbeat::missed b'19da3beb-29d35002cf38065d06ad9d9d' : 5
2025-12-05 11:43:12.770 [IPController] heartbeat::missed b'5da649cd-2e7d9564c9f2eee426079970' : 3
2025-12-05 11:43:12.770 [IPController] heartbeat::missed b'5a50ddd7-b674cdfe7d1efbc08eba34d6' : 6
2025-12-05 11:43:12.770 [IPController] heartbeat::missed b'69923e43-398986a23ca65737bb2a7fa6' : 2
2025-12-05 11:43:12.830 [IPController] client::client b'\x00\x80\x00A\xb1' requested 'unregistration_request'
2025-12-05 11:43:12.830 [IPController] registration::unregister_engine(0)
2025-12-05 11:43:15.770 [IPController] heartbeat::missed b'1a583171-29f3f744e080dbdc97e38eaa' : 2
2025-12-05 11:43:15.770 [IPController] heartbeat::missed b'19da3beb-29d35002cf38065d06ad9d9d' : 6
2025-12-05 11:43:15.770 [IPController] heartbeat::missed b'5da649cd-2e7d9564c9f2eee426079970' : 4
2025-12-05 11:43:15.770 [IPController] heartbeat::missed b'5a50ddd7-b674cdfe7d1efbc08eba34d6' : 7
2025-12-05 11:43:15.770 [IPController] heartbeat::missed b'69923e43-398986a23ca65737bb2a7fa6' : 3
2025-12-05 11:43:15.842 [IPController] client::client b'\x00\x80\x00A\xb2' requested 'unregistration_request'
2025-12-05 11:43:15.842 [IPController] registration::unregister_engine(1)
2025-12-05 11:43:18.769 [IPController] heartbeat::missed b'1a583171-29f3f744e080dbdc97e38eaa' : 3
2025-12-05 11:43:18.770 [IPController] heartbeat::missed b'1bbdb3ec-5657f7149d7fb73ca428eb31' : 1
2025-12-05 11:43:18.770 [IPController] heartbeat::missed b'19da3beb-29d35002cf38065d06ad9d9d' : 7
2025-12-05 11:43:18.770 [IPController] heartbeat::missed b'5da649cd-2e7d9564c9f2eee426079970' : 5
2025-12-05 11:43:18.770 [IPController] heartbeat::missed b'5a50ddd7-b674cdfe7d1efbc08eba34d6' : 8
2025-12-05 11:43:18.770 [IPController] heartbeat::missed b'69923e43-398986a23ca65737bb2a7fa6' : 4
2025-12-05 11:43:18.998 [IPController] client::client b'\x00\x80\x00A\xb3' requested 'unregistration_request'
2025-12-05 11:43:18.998 [IPController] registration::unregister_engine(6)
2025-12-05 11:43:21.771 [IPController] heartbeat::missed b'1a583171-29f3f744e080dbdc97e38eaa' : 4
2025-12-05 11:43:21.771 [IPController] heartbeat::missed b'1bbdb3ec-5657f7149d7fb73ca428eb31' : 2
2025-12-05 11:43:21.771 [IPController] heartbeat::missed b'19da3beb-29d35002cf38065d06ad9d9d' : 8
2025-12-05 11:43:21.771 [IPController] heartbeat::missed b'870d77ef-ae4163d712061c24c55168f0' : 1
2025-12-05 11:43:21.771 [IPController] heartbeat::missed b'5da649cd-2e7d9564c9f2eee426079970' : 6
2025-12-05 11:43:21.771 [IPController] heartbeat::missed b'5a50ddd7-b674cdfe7d1efbc08eba34d6' : 9
2025-12-05 11:43:21.771 [IPController] heartbeat::missed b'69923e43-398986a23ca65737bb2a7fa6' : 5
2025-12-05 11:43:24.769 [IPController] heartbeat::missed b'1a583171-29f3f744e080dbdc97e38eaa' : 5
2025-12-05 11:43:24.770 [IPController] heartbeat::missed b'1d25e6f6-95ac0e6af0cbd85a02b27767' : 1
2025-12-05 11:43:24.770 [IPController] heartbeat::missed b'1bbdb3ec-5657f7149d7fb73ca428eb31' : 3
2025-12-05 11:43:24.770 [IPController] heartbeat::missed b'19da3beb-29d35002cf38065d06ad9d9d' : 9
2025-12-05 11:43:24.770 [IPController] heartbeat::missed b'870d77ef-ae4163d712061c24c55168f0' : 2
2025-12-05 11:43:24.770 [IPController] heartbeat::missed b'5da649cd-2e7d9564c9f2eee426079970' : 7
2025-12-05 11:43:24.770 [IPController] heartbeat::missed b'5a50ddd7-b674cdfe7d1efbc08eba34d6' : 10
2025-12-05 11:43:24.770 [IPController] heartbeat::missed b'69923e43-398986a23ca65737bb2a7fa6' : 6
2025-12-05 11:43:27.770 [IPController] heartbeat::missed b'1a583171-29f3f744e080dbdc97e38eaa' : 6
2025-12-05 11:43:27.770 [IPController] heartbeat::missed b'1d25e6f6-95ac0e6af0cbd85a02b27767' : 2
2025-12-05 11:43:27.771 [IPController] heartbeat::missed b'1bbdb3ec-5657f7149d7fb73ca428eb31' : 4
2025-12-05 11:43:27.771 [IPController] heartbeat::missed b'19da3beb-29d35002cf38065d06ad9d9d' : 10
2025-12-05 11:43:27.771 [IPController] heartbeat::missed b'870d77ef-ae4163d712061c24c55168f0' : 3
2025-12-05 11:43:27.771 [IPController] heartbeat::missed b'5da649cd-2e7d9564c9f2eee426079970' : 8
2025-12-05 11:43:27.771 [IPController] heartbeat::missed b'5a50ddd7-b674cdfe7d1efbc08eba34d6' : 11
2025-12-05 11:43:27.771 [IPController] heartbeat::missed b'69923e43-398986a23ca65737bb2a7fa6' : 7
2025-12-05 11:43:27.771 [IPController] Notifying hub of 1 stopped hearts
2025-12-05 11:43:27.778 [IPController] WARNING | 1 hearts stopped
2025-12-05 11:43:30.770 [IPController] heartbeat::missed b'1a583171-29f3f744e080dbdc97e38eaa' : 7
2025-12-05 11:43:30.771 [IPController] heartbeat::missed b'19da3beb-29d35002cf38065d06ad9d9d' : 11
2025-12-05 11:43:30.783 [IPController] heartbeat::missed b'870d77ef-ae4163d712061c24c55168f0' : 4
2025-12-05 11:43:30.783 [IPController] heartbeat::missed b'5da649cd-2e7d9564c9f2eee426079970' : 9
2025-12-05 11:43:30.783 [IPController] heartbeat::missed b'1d25e6f6-95ac0e6af0cbd85a02b27767' : 3
2025-12-05 11:43:30.783 [IPController] heartbeat::missed b'1bbdb3ec-5657f7149d7fb73ca428eb31' : 5
2025-12-05 11:43:30.783 [IPController] heartbeat::missed b'69923e43-398986a23ca65737bb2a7fa6' : 8
2025-12-05 11:43:30.783 [IPController] Notifying hub of 1 stopped hearts
2025-12-05 11:43:30.786 [IPController] WARNING | 1 hearts stopped
2025-12-05 11:43:33.770 [IPController] heartbeat::missed b'1a583171-29f3f744e080dbdc97e38eaa' : 8
2025-12-05 11:43:33.770 [IPController] heartbeat::missed b'870d77ef-ae4163d712061c24c55168f0' : 5
2025-12-05 11:43:33.770 [IPController] heartbeat::missed b'5da649cd-2e7d9564c9f2eee426079970' : 10
2025-12-05 11:43:33.770 [IPController] heartbeat::missed b'1d25e6f6-95ac0e6af0cbd85a02b27767' : 4
2025-12-05 11:43:33.770 [IPController] heartbeat::missed b'1bbdb3ec-5657f7149d7fb73ca428eb31' : 6
2025-12-05 11:43:33.770 [IPController] heartbeat::missed b'69923e43-398986a23ca65737bb2a7fa6' : 9
2025-12-05 11:43:36.770 [IPController] heartbeat::missed b'1a583171-29f3f744e080dbdc97e38eaa' : 9
2025-12-05 11:43:36.770 [IPController] heartbeat::missed b'870d77ef-ae4163d712061c24c55168f0' : 6
2025-12-05 11:43:36.771 [IPController] heartbeat::missed b'5da649cd-2e7d9564c9f2eee426079970' : 11
2025-12-05 11:43:36.771 [IPController] heartbeat::missed b'1d25e6f6-95ac0e6af0cbd85a02b27767' : 5
2025-12-05 11:43:36.771 [IPController] heartbeat::missed b'1bbdb3ec-5657f7149d7fb73ca428eb31' : 7
2025-12-05 11:43:36.771 [IPController] heartbeat::missed b'69923e43-398986a23ca65737bb2a7fa6' : 10
2025-12-05 11:43:36.771 [IPController] Notifying hub of 1 stopped hearts
2025-12-05 11:43:36.773 [IPController] WARNING | 1 hearts stopped
2025-12-05 11:43:39.770 [IPController] heartbeat::missed b'1a583171-29f3f744e080dbdc97e38eaa' : 10
2025-12-05 11:43:39.771 [IPController] heartbeat::missed b'870d77ef-ae4163d712061c24c55168f0' : 7
2025-12-05 11:43:39.771 [IPController] heartbeat::missed b'1d25e6f6-95ac0e6af0cbd85a02b27767' : 6
2025-12-05 11:43:39.771 [IPController] heartbeat::missed b'1bbdb3ec-5657f7149d7fb73ca428eb31' : 8
2025-12-05 11:43:39.771 [IPController] heartbeat::missed b'69923e43-398986a23ca65737bb2a7fa6' : 11
2025-12-05 11:43:39.771 [IPController] Notifying hub of 1 stopped hearts
2025-12-05 11:43:39.773 [IPController] WARNING | 1 hearts stopped
2025-12-05 11:43:42.770 [IPController] heartbeat::missed b'1a583171-29f3f744e080dbdc97e38eaa' : 11
2025-12-05 11:43:42.771 [IPController] heartbeat::missed b'1d25e6f6-95ac0e6af0cbd85a02b27767' : 7
2025-12-05 11:43:42.771 [IPController] heartbeat::missed b'1bbdb3ec-5657f7149d7fb73ca428eb31' : 9
2025-12-05 11:43:42.771 [IPController] heartbeat::missed b'870d77ef-ae4163d712061c24c55168f0' : 8
2025-12-05 11:43:42.771 [IPController] Notifying hub of 1 stopped hearts
2025-12-05 11:43:42.774 [IPController] WARNING | 1 hearts stopped
2025-12-05 11:43:45.770 [IPController] heartbeat::missed b'1d25e6f6-95ac0e6af0cbd85a02b27767' : 8
2025-12-05 11:43:45.771 [IPController] heartbeat::missed b'1bbdb3ec-5657f7149d7fb73ca428eb31' : 10
2025-12-05 11:43:45.771 [IPController] heartbeat::missed b'870d77ef-ae4163d712061c24c55168f0' : 9
2025-12-05 11:43:48.770 [IPController] heartbeat::missed b'1d25e6f6-95ac0e6af0cbd85a02b27767' : 9
2025-12-05 11:43:48.771 [IPController] heartbeat::missed b'1bbdb3ec-5657f7149d7fb73ca428eb31' : 11
2025-12-05 11:43:48.771 [IPController] heartbeat::missed b'870d77ef-ae4163d712061c24c55168f0' : 10
2025-12-05 11:43:48.771 [IPController] Notifying hub of 1 stopped hearts
2025-12-05 11:43:48.774 [IPController] WARNING | 1 hearts stopped
2025-12-05 11:43:51.770 [IPController] heartbeat::missed b'1d25e6f6-95ac0e6af0cbd85a02b27767' : 10
2025-12-05 11:43:51.771 [IPController] heartbeat::missed b'870d77ef-ae4163d712061c24c55168f0' : 11
2025-12-05 11:43:51.771 [IPController] Notifying hub of 1 stopped hearts
2025-12-05 11:43:51.773 [IPController] WARNING | 1 hearts stopped
2025-12-05 11:43:54.770 [IPController] heartbeat::missed b'1d25e6f6-95ac0e6af0cbd85a02b27767' : 11
2025-12-05 11:43:54.771 [IPController] Notifying hub of 1 stopped hearts
2025-12-05 11:43:54.774 [IPController] WARNING | 1 hearts stopped
