2025-12-09 15:12:32.766 [IPEngine] Loading connection info from $IPP_CONNECTION_INFO
2025-12-09 15:12:32.767 [IPEngine] WARNING | Not using CurveZMQ security
2025-12-09 15:12:32.769 [IPEngine] Registering with controller at tcp://127.0.0.1:51453
2025-12-09 15:12:32.772 [IPEngine.6] Shell_addrs: ['tcp://127.0.0.1:51699', 'tcp://127.0.0.1:58531', 'tcp://127.0.0.1:45461']
2025-12-09 15:12:32.772 [IPEngine.6] Connecting shell to tcp://127.0.0.1:51699
2025-12-09 15:12:32.772 [IPEngine.6] Connecting shell to tcp://127.0.0.1:58531
2025-12-09 15:12:32.772 [IPEngine.6] Connecting shell to tcp://127.0.0.1:45461
2025-12-09 15:12:32.772 [IPEngine.6] Starting nanny
2025-12-09 15:12:33.544 [KernelNanny.6] Starting kernel nanny for engine 6, pid=544306, nanny pid=545026
2025-12-09 15:12:33.545 [KernelNanny.6] Nanny watching parent pid 544306.
2025-12-09 15:12:33.664 [IPEngine.6] Loading IPython extension: storemagic
2025-12-09 15:12:33.667 [IPEngine.6] Running file in user namespace: /etc/pythonstart
2025-12-09 15:12:33.679 [IPEngine.6] WARNING | debugpy_stream undefined, debugging will not be enabled
2025-12-09 15:12:33.685 [IPEngine.6] Starting to monitor the heartbeat signal from the hub every 3500 ms.
2025-12-09 15:12:33.685 [IPEngine.6] Completed registration with id 6
2025-12-09 15:12:51.954 [IPEngine.6] Handling apply_request: 7941038b-b90ec61798b369234a876769_538343_7
2025-12-09 15:12:52.160 [IPEngine.6] Handling apply_request: 7941038b-b90ec61798b369234a876769_538343_27
Warning: no DISPLAY environment variable.
--No graphics will be displayed.
2025-12-09 15:12:54.310 [IPEngine.6] Handling apply_request: 7941038b-b90ec61798b369234a876769_538343_47
2025-12-09 15:12:54.703 [IPEngine.6] Handling apply_request: 7941038b-b90ec61798b369234a876769_538343_67
2025-12-09 15:12:55.193 [IPEngine.6] Handling apply_request: 7941038b-b90ec61798b369234a876769_538343_87
2025-12-09 15:12:55.209 [IPEngine.6] Handling apply_request: 7941038b-b90ec61798b369234a876769_538343_107
2025-12-09 15:12:55.221 [IPEngine.6] Handling execute_request: 7941038b-b90ec61798b369234a876769_538343_127
2025-12-09 15:13:42.685 [IPEngine.6] Handling apply_request: 7941038b-b90ec61798b369234a876769_538343_147
2025-12-09 15:13:42.770 [IPEngine.6] Handling apply_request: 7941038b-b90ec61798b369234a876769_538343_167
2025-12-09 15:13:42.784 [IPEngine.6] Handling execute_request: 7941038b-b90ec61798b369234a876769_538343_187
2025-12-09 15:13:42.801 [IPEngine.6] Handling execute_request: 7941038b-b90ec61798b369234a876769_538343_207
2025-12-09 15:14:06.931 [IPEngine.6] Handling execute_request: 7941038b-b90ec61798b369234a876769_538343_227
2025-12-09 15:14:06.954 [IPEngine.6] Handling execute_request: 7941038b-b90ec61798b369234a876769_538343_247
2025-12-09 17:29:38.733 [IPEngine.6] WARNING | No heartbeat in the last 3500 ms (1 time(s) in a row).
2025-12-10 14:39:23.498 [IPEngine.6] WARNING | No heartbeat in the last 3500 ms (1 time(s) in a row).
2025-12-10 15:31:14.865 [IPEngine.6] WARNING | No heartbeat in the last 3500 ms (1 time(s) in a row).
2025-12-10 15:33:59.396 [IPEngine.6] WARNING | No heartbeat in the last 3500 ms (1 time(s) in a row).
2025-12-10 15:34:41.540 [IPEngine.6] WARNING | No heartbeat in the last 3500 ms (1 time(s) in a row).
2025-12-10 15:43:33.290 [IPEngine.6] WARNING | No heartbeat in the last 3500 ms (1 time(s) in a row).
