2025-12-09 15:12:32.456 [IPEngine] Loading connection info from $IPP_CONNECTION_INFO
2025-12-09 15:12:32.457 [IPEngine] WARNING | Not using CurveZMQ security
2025-12-09 15:12:32.460 [IPEngine] Registering with controller at tcp://127.0.0.1:51453
2025-12-09 15:12:32.463 [IPEngine.0] Shell_addrs: ['tcp://127.0.0.1:51699', 'tcp://127.0.0.1:58531', 'tcp://127.0.0.1:45461']
2025-12-09 15:12:32.464 [IPEngine.0] Connecting shell to tcp://127.0.0.1:51699
2025-12-09 15:12:32.464 [IPEngine.0] Connecting shell to tcp://127.0.0.1:58531
2025-12-09 15:12:32.464 [IPEngine.0] Connecting shell to tcp://127.0.0.1:45461
2025-12-09 15:12:32.464 [IPEngine.0] Starting nanny
2025-12-09 15:12:33.181 [KernelNanny.0] Starting kernel nanny for engine 0, pid=543673, nanny pid=544661
2025-12-09 15:12:33.181 [KernelNanny.0] Nanny watching parent pid 543673.
2025-12-09 15:12:33.318 [IPEngine.0] Loading IPython extension: storemagic
2025-12-09 15:12:33.319 [IPEngine.0] Running file in user namespace: /etc/pythonstart
2025-12-09 15:12:33.326 [IPEngine.0] WARNING | debugpy_stream undefined, debugging will not be enabled
2025-12-09 15:12:33.332 [IPEngine.0] Starting to monitor the heartbeat signal from the hub every 3500 ms.
2025-12-09 15:12:33.332 [IPEngine.0] Completed registration with id 0
2025-12-09 15:12:51.951 [IPEngine.0] Handling apply_request: 7941038b-b90ec61798b369234a876769_538343_1
2025-12-09 15:12:52.275 [IPEngine.0] Handling apply_request: 7941038b-b90ec61798b369234a876769_538343_21
Warning: no DISPLAY environment variable.
--No graphics will be displayed.
2025-12-09 15:12:54.317 [IPEngine.0] Handling apply_request: 7941038b-b90ec61798b369234a876769_538343_41
2025-12-09 15:12:54.688 [IPEngine.0] Handling apply_request: 7941038b-b90ec61798b369234a876769_538343_61
2025-12-09 15:12:55.193 [IPEngine.0] Handling apply_request: 7941038b-b90ec61798b369234a876769_538343_81
2025-12-09 15:12:55.205 [IPEngine.0] Handling apply_request: 7941038b-b90ec61798b369234a876769_538343_101
2025-12-09 15:12:55.219 [IPEngine.0] Handling execute_request: 7941038b-b90ec61798b369234a876769_538343_121
2025-12-09 15:13:42.684 [IPEngine.0] Handling apply_request: 7941038b-b90ec61798b369234a876769_538343_141
2025-12-09 15:13:42.767 [IPEngine.0] Handling apply_request: 7941038b-b90ec61798b369234a876769_538343_161
2025-12-09 15:13:42.782 [IPEngine.0] Handling execute_request: 7941038b-b90ec61798b369234a876769_538343_181
2025-12-09 15:13:42.799 [IPEngine.0] Handling execute_request: 7941038b-b90ec61798b369234a876769_538343_201
2025-12-09 15:14:06.930 [IPEngine.0] Handling execute_request: 7941038b-b90ec61798b369234a876769_538343_221
2025-12-09 15:14:06.952 [IPEngine.0] Handling execute_request: 7941038b-b90ec61798b369234a876769_538343_241
2025-12-09 17:29:38.733 [IPEngine.0] WARNING | No heartbeat in the last 3500 ms (1 time(s) in a row).
2025-12-10 09:41:14.471 [IPEngine.0] WARNING | No heartbeat in the last 3500 ms (1 time(s) in a row).
2025-12-10 13:14:41.018 [IPEngine.0] WARNING | No heartbeat in the last 3500 ms (1 time(s) in a row).
2025-12-10 15:31:14.865 [IPEngine.0] WARNING | No heartbeat in the last 3500 ms (1 time(s) in a row).
2025-12-10 15:43:33.290 [IPEngine.0] WARNING | No heartbeat in the last 3500 ms (1 time(s) in a row).
2025-12-10 19:05:43.985 [IPEngine.0] WARNING | No heartbeat in the last 3500 ms (1 time(s) in a row).
