2025-12-09 15:12:32.874 [IPEngine] Loading connection info from $IPP_CONNECTION_INFO
2025-12-09 15:12:32.883 [IPEngine] WARNING | Not using CurveZMQ security
2025-12-09 15:12:32.885 [IPEngine] Registering with controller at tcp://127.0.0.1:51453
2025-12-09 15:12:32.901 [IPEngine.8] Shell_addrs: ['tcp://127.0.0.1:51699', 'tcp://127.0.0.1:58531', 'tcp://127.0.0.1:45461']
2025-12-09 15:12:32.901 [IPEngine.8] Connecting shell to tcp://127.0.0.1:51699
2025-12-09 15:12:32.902 [IPEngine.8] Connecting shell to tcp://127.0.0.1:58531
2025-12-09 15:12:32.902 [IPEngine.8] Connecting shell to tcp://127.0.0.1:45461
2025-12-09 15:12:32.902 [IPEngine.8] Starting nanny
2025-12-09 15:12:33.776 [KernelNanny.8] Starting kernel nanny for engine 8, pid=544407, nanny pid=545133
2025-12-09 15:12:33.777 [KernelNanny.8] Nanny watching parent pid 544407.
2025-12-09 15:12:33.908 [IPEngine.8] Loading IPython extension: storemagic
2025-12-09 15:12:33.909 [IPEngine.8] Running file in user namespace: /etc/pythonstart
2025-12-09 15:12:33.916 [IPEngine.8] WARNING | debugpy_stream undefined, debugging will not be enabled
2025-12-09 15:12:33.922 [IPEngine.8] Starting to monitor the heartbeat signal from the hub every 3500 ms.
2025-12-09 15:12:33.922 [IPEngine.8] Completed registration with id 8
2025-12-09 15:12:51.954 [IPEngine.8] Handling apply_request: 7941038b-b90ec61798b369234a876769_538343_9
2025-12-09 15:12:52.258 [IPEngine.8] Handling apply_request: 7941038b-b90ec61798b369234a876769_538343_29
Warning: no DISPLAY environment variable.
--No graphics will be displayed.
2025-12-09 15:12:54.334 [IPEngine.8] Handling apply_request: 7941038b-b90ec61798b369234a876769_538343_49
2025-12-09 15:12:54.689 [IPEngine.8] Handling apply_request: 7941038b-b90ec61798b369234a876769_538343_69
2025-12-09 15:12:55.193 [IPEngine.8] Handling apply_request: 7941038b-b90ec61798b369234a876769_538343_89
2025-12-09 15:12:55.209 [IPEngine.8] Handling apply_request: 7941038b-b90ec61798b369234a876769_538343_109
2025-12-09 15:12:55.222 [IPEngine.8] Handling execute_request: 7941038b-b90ec61798b369234a876769_538343_129
2025-12-09 15:13:42.685 [IPEngine.8] Handling apply_request: 7941038b-b90ec61798b369234a876769_538343_149
2025-12-09 15:13:42.770 [IPEngine.8] Handling apply_request: 7941038b-b90ec61798b369234a876769_538343_169
2025-12-09 15:13:42.784 [IPEngine.8] Handling execute_request: 7941038b-b90ec61798b369234a876769_538343_189
2025-12-09 15:13:42.801 [IPEngine.8] Handling execute_request: 7941038b-b90ec61798b369234a876769_538343_209
2025-12-09 15:14:04.922 [IPEngine.8] WARNING | No heartbeat in the last 3500 ms (1 time(s) in a row).
2025-12-09 15:14:06.931 [IPEngine.8] Handling execute_request: 7941038b-b90ec61798b369234a876769_538343_229
2025-12-09 15:14:06.954 [IPEngine.8] Handling execute_request: 7941038b-b90ec61798b369234a876769_538343_249
2025-12-10 00:16:14.058 [IPEngine.8] WARNING | No heartbeat in the last 3500 ms (1 time(s) in a row).
2025-12-10 14:39:23.498 [IPEngine.8] WARNING | No heartbeat in the last 3500 ms (1 time(s) in a row).
2025-12-10 15:23:46.956 [IPEngine.8] WARNING | No heartbeat in the last 3500 ms (1 time(s) in a row).
2025-12-10 15:32:32.060 [IPEngine.8] WARNING | No heartbeat in the last 3500 ms (1 time(s) in a row).
2025-12-10 15:34:41.540 [IPEngine.8] WARNING | No heartbeat in the last 3500 ms (1 time(s) in a row).
2025-12-10 15:38:50.141 [IPEngine.8] WARNING | No heartbeat in the last 3500 ms (1 time(s) in a row).
2025-12-10 16:56:53.080 [IPEngine.8] WARNING | No heartbeat in the last 3500 ms (1 time(s) in a row).
2025-12-10 18:40:28.974 [IPEngine.8] WARNING | No heartbeat in the last 3500 ms (1 time(s) in a row).
2025-12-10 19:27:23.149 [IPEngine.8] WARNING | No heartbeat in the last 3500 ms (1 time(s) in a row).
2025-12-10 19:56:04.952 [IPEngine.8] WARNING | No heartbeat in the last 3500 ms (1 time(s) in a row).
