2025-12-09 15:12:33.004 [IPEngine] Loading connection info from $IPP_CONNECTION_INFO
2025-12-09 15:12:33.011 [IPEngine] WARNING | Not using CurveZMQ security
2025-12-09 15:12:33.013 [IPEngine] Registering with controller at tcp://127.0.0.1:51453
2025-12-09 15:12:33.029 [IPEngine.9] Shell_addrs: ['tcp://127.0.0.1:51699', 'tcp://127.0.0.1:58531', 'tcp://127.0.0.1:57545']
2025-12-09 15:12:33.029 [IPEngine.9] Connecting shell to tcp://127.0.0.1:51699
2025-12-09 15:12:33.029 [IPEngine.9] Connecting shell to tcp://127.0.0.1:58531
2025-12-09 15:12:33.029 [IPEngine.9] Connecting shell to tcp://127.0.0.1:57545
2025-12-09 15:12:33.029 [IPEngine.9] Starting nanny
2025-12-09 15:12:33.738 [KernelNanny.9] Starting kernel nanny for engine 9, pid=544507, nanny pid=545188
2025-12-09 15:12:33.738 [KernelNanny.9] Nanny watching parent pid 544507.
2025-12-09 15:12:33.853 [IPEngine.9] Loading IPython extension: storemagic
2025-12-09 15:12:33.854 [IPEngine.9] Running file in user namespace: /etc/pythonstart
2025-12-09 15:12:33.859 [IPEngine.9] WARNING | debugpy_stream undefined, debugging will not be enabled
2025-12-09 15:12:33.865 [IPEngine.9] Starting to monitor the heartbeat signal from the hub every 3500 ms.
2025-12-09 15:12:33.865 [IPEngine.9] Completed registration with id 9
2025-12-09 15:12:51.954 [IPEngine.9] Handling apply_request: 7941038b-b90ec61798b369234a876769_538343_10
2025-12-09 15:12:52.459 [IPEngine.9] Handling apply_request: 7941038b-b90ec61798b369234a876769_538343_30
Warning: no DISPLAY environment variable.
--No graphics will be displayed.
2025-12-09 15:12:54.328 [IPEngine.9] Handling apply_request: 7941038b-b90ec61798b369234a876769_538343_50
2025-12-09 15:12:54.687 [IPEngine.9] Handling apply_request: 7941038b-b90ec61798b369234a876769_538343_70
2025-12-09 15:12:55.194 [IPEngine.9] Handling apply_request: 7941038b-b90ec61798b369234a876769_538343_90
2025-12-09 15:12:55.209 [IPEngine.9] Handling apply_request: 7941038b-b90ec61798b369234a876769_538343_110
2025-12-09 15:12:55.221 [IPEngine.9] Handling execute_request: 7941038b-b90ec61798b369234a876769_538343_130
2025-12-09 15:13:42.685 [IPEngine.9] Handling apply_request: 7941038b-b90ec61798b369234a876769_538343_150
2025-12-09 15:13:42.770 [IPEngine.9] Handling apply_request: 7941038b-b90ec61798b369234a876769_538343_170
2025-12-09 15:13:42.784 [IPEngine.9] Handling execute_request: 7941038b-b90ec61798b369234a876769_538343_190
2025-12-09 15:13:42.801 [IPEngine.9] Handling execute_request: 7941038b-b90ec61798b369234a876769_538343_210
2025-12-09 15:14:06.932 [IPEngine.9] Handling execute_request: 7941038b-b90ec61798b369234a876769_538343_230
2025-12-09 15:14:06.955 [IPEngine.9] Handling execute_request: 7941038b-b90ec61798b369234a876769_538343_250
2025-12-10 00:13:25.904 [IPEngine.9] WARNING | No heartbeat in the last 3500 ms (1 time(s) in a row).
2025-12-10 00:16:14.058 [IPEngine.9] WARNING | No heartbeat in the last 3500 ms (1 time(s) in a row).
2025-12-10 10:14:01.872 [IPEngine.9] WARNING | No heartbeat in the last 3500 ms (1 time(s) in a row).
2025-12-10 14:39:23.498 [IPEngine.9] WARNING | No heartbeat in the last 3500 ms (1 time(s) in a row).
2025-12-10 15:23:46.956 [IPEngine.9] WARNING | No heartbeat in the last 3500 ms (1 time(s) in a row).
2025-12-10 15:31:14.871 [IPEngine.9] WARNING | No heartbeat in the last 3500 ms (1 time(s) in a row).
2025-12-10 15:32:32.060 [IPEngine.9] WARNING | No heartbeat in the last 3500 ms (1 time(s) in a row).
2025-12-10 15:34:41.540 [IPEngine.9] WARNING | No heartbeat in the last 3500 ms (1 time(s) in a row).
2025-12-10 15:38:50.141 [IPEngine.9] WARNING | No heartbeat in the last 3500 ms (1 time(s) in a row).
2025-12-10 16:56:53.080 [IPEngine.9] WARNING | No heartbeat in the last 3500 ms (1 time(s) in a row).
2025-12-10 18:40:28.974 [IPEngine.9] WARNING | No heartbeat in the last 3500 ms (1 time(s) in a row).
2025-12-10 19:27:23.149 [IPEngine.9] WARNING | No heartbeat in the last 3500 ms (1 time(s) in a row).
2025-12-10 19:56:04.952 [IPEngine.9] WARNING | No heartbeat in the last 3500 ms (1 time(s) in a row).
