2025-12-09 15:12:33.074 [IPEngine] Loading connection info from $IPP_CONNECTION_INFO
2025-12-09 15:12:33.075 [IPEngine] WARNING | Not using CurveZMQ security
2025-12-09 15:12:33.078 [IPEngine] Registering with controller at tcp://127.0.0.1:51453
2025-12-09 15:12:33.082 [IPEngine.10] Shell_addrs: ['tcp://127.0.0.1:51699', 'tcp://127.0.0.1:58531', 'tcp://127.0.0.1:45461']
2025-12-09 15:12:33.082 [IPEngine.10] Connecting shell to tcp://127.0.0.1:51699
2025-12-09 15:12:33.082 [IPEngine.10] Connecting shell to tcp://127.0.0.1:58531
2025-12-09 15:12:33.082 [IPEngine.10] Connecting shell to tcp://127.0.0.1:45461
2025-12-09 15:12:33.082 [IPEngine.10] Starting nanny
2025-12-09 15:12:33.813 [KernelNanny.10] Starting kernel nanny for engine 10, pid=544596, nanny pid=545226
2025-12-09 15:12:33.813 [KernelNanny.10] Nanny watching parent pid 544596.
2025-12-09 15:12:33.927 [IPEngine.10] Loading IPython extension: storemagic
2025-12-09 15:12:33.928 [IPEngine.10] Running file in user namespace: /etc/pythonstart
2025-12-09 15:12:33.935 [IPEngine.10] WARNING | debugpy_stream undefined, debugging will not be enabled
2025-12-09 15:12:33.940 [IPEngine.10] Starting to monitor the heartbeat signal from the hub every 3500 ms.
2025-12-09 15:12:33.941 [IPEngine.10] Completed registration with id 10
2025-12-09 15:12:51.954 [IPEngine.10] Handling apply_request: 7941038b-b90ec61798b369234a876769_538343_11
2025-12-09 15:12:52.288 [IPEngine.10] Handling apply_request: 7941038b-b90ec61798b369234a876769_538343_31
Warning: no DISPLAY environment variable.
--No graphics will be displayed.
2025-12-09 15:12:54.348 [IPEngine.10] Handling apply_request: 7941038b-b90ec61798b369234a876769_538343_51
2025-12-09 15:12:54.694 [IPEngine.10] Handling apply_request: 7941038b-b90ec61798b369234a876769_538343_71
2025-12-09 15:12:55.194 [IPEngine.10] Handling apply_request: 7941038b-b90ec61798b369234a876769_538343_91
2025-12-09 15:12:55.210 [IPEngine.10] Handling apply_request: 7941038b-b90ec61798b369234a876769_538343_111
2025-12-09 15:12:55.221 [IPEngine.10] Handling execute_request: 7941038b-b90ec61798b369234a876769_538343_131
2025-12-09 15:13:42.686 [IPEngine.10] Handling apply_request: 7941038b-b90ec61798b369234a876769_538343_151
2025-12-09 15:13:42.770 [IPEngine.10] Handling apply_request: 7941038b-b90ec61798b369234a876769_538343_171
2025-12-09 15:13:42.784 [IPEngine.10] Handling execute_request: 7941038b-b90ec61798b369234a876769_538343_191
2025-12-09 15:13:42.801 [IPEngine.10] Handling execute_request: 7941038b-b90ec61798b369234a876769_538343_211
2025-12-09 15:14:06.931 [IPEngine.10] Handling execute_request: 7941038b-b90ec61798b369234a876769_538343_231
2025-12-09 15:14:06.955 [IPEngine.10] Handling execute_request: 7941038b-b90ec61798b369234a876769_538343_251
2025-12-10 00:16:14.059 [IPEngine.10] WARNING | No heartbeat in the last 3500 ms (1 time(s) in a row).
2025-12-10 14:39:23.498 [IPEngine.10] WARNING | No heartbeat in the last 3500 ms (1 time(s) in a row).
2025-12-10 15:23:46.957 [IPEngine.10] WARNING | No heartbeat in the last 3500 ms (1 time(s) in a row).
2025-12-10 15:32:32.060 [IPEngine.10] WARNING | No heartbeat in the last 3500 ms (1 time(s) in a row).
2025-12-10 15:34:41.540 [IPEngine.10] WARNING | No heartbeat in the last 3500 ms (1 time(s) in a row).
2025-12-10 15:38:50.141 [IPEngine.10] WARNING | No heartbeat in the last 3500 ms (1 time(s) in a row).
2025-12-10 16:56:53.080 [IPEngine.10] WARNING | No heartbeat in the last 3500 ms (1 time(s) in a row).
2025-12-10 18:40:28.974 [IPEngine.10] WARNING | No heartbeat in the last 3500 ms (1 time(s) in a row).
2025-12-10 19:27:23.149 [IPEngine.10] WARNING | No heartbeat in the last 3500 ms (1 time(s) in a row).
2025-12-10 19:56:04.952 [IPEngine.10] WARNING | No heartbeat in the last 3500 ms (1 time(s) in a row).
