2025-12-09 15:12:32.456 [IPEngine] Loading connection info from $IPP_CONNECTION_INFO
2025-12-09 15:12:32.457 [IPEngine] WARNING | Not using CurveZMQ security
2025-12-09 15:12:32.461 [IPEngine] Registering with controller at tcp://127.0.0.1:51453
2025-12-09 15:12:32.465 [IPEngine.1] Shell_addrs: ['tcp://127.0.0.1:51699', 'tcp://127.0.0.1:58531', 'tcp://127.0.0.1:57545']
2025-12-09 15:12:32.465 [IPEngine.1] Connecting shell to tcp://127.0.0.1:51699
2025-12-09 15:12:32.465 [IPEngine.1] Connecting shell to tcp://127.0.0.1:58531
2025-12-09 15:12:32.465 [IPEngine.1] Connecting shell to tcp://127.0.0.1:57545
2025-12-09 15:12:32.465 [IPEngine.1] Starting nanny
2025-12-09 15:12:33.121 [KernelNanny.1] Starting kernel nanny for engine 1, pid=544001, nanny pid=544663
2025-12-09 15:12:33.122 [KernelNanny.1] Nanny watching parent pid 544001.
2025-12-09 15:12:33.303 [IPEngine.1] Loading IPython extension: storemagic
2025-12-09 15:12:33.304 [IPEngine.1] Running file in user namespace: /etc/pythonstart
2025-12-09 15:12:33.313 [IPEngine.1] WARNING | debugpy_stream undefined, debugging will not be enabled
2025-12-09 15:12:33.323 [IPEngine.1] Starting to monitor the heartbeat signal from the hub every 3500 ms.
2025-12-09 15:12:33.323 [IPEngine.1] Completed registration with id 1
2025-12-09 15:12:51.953 [IPEngine.1] Handling apply_request: 7941038b-b90ec61798b369234a876769_538343_2
2025-12-09 15:12:52.340 [IPEngine.1] Handling apply_request: 7941038b-b90ec61798b369234a876769_538343_22
Warning: no DISPLAY environment variable.
--No graphics will be displayed.
2025-12-09 15:12:54.299 [IPEngine.1] Handling apply_request: 7941038b-b90ec61798b369234a876769_538343_42
2025-12-09 15:12:54.691 [IPEngine.1] Handling apply_request: 7941038b-b90ec61798b369234a876769_538343_62
2025-12-09 15:12:55.193 [IPEngine.1] Handling apply_request: 7941038b-b90ec61798b369234a876769_538343_82
2025-12-09 15:12:55.205 [IPEngine.1] Handling apply_request: 7941038b-b90ec61798b369234a876769_538343_102
2025-12-09 15:12:55.220 [IPEngine.1] Handling execute_request: 7941038b-b90ec61798b369234a876769_538343_122
2025-12-09 15:13:42.685 [IPEngine.1] Handling apply_request: 7941038b-b90ec61798b369234a876769_538343_142
2025-12-09 15:13:42.769 [IPEngine.1] Handling apply_request: 7941038b-b90ec61798b369234a876769_538343_162
2025-12-09 15:13:42.783 [IPEngine.1] Handling execute_request: 7941038b-b90ec61798b369234a876769_538343_182
2025-12-09 15:13:42.800 [IPEngine.1] Handling execute_request: 7941038b-b90ec61798b369234a876769_538343_202
2025-12-09 15:14:06.931 [IPEngine.1] Handling execute_request: 7941038b-b90ec61798b369234a876769_538343_222
2025-12-09 15:14:06.953 [IPEngine.1] Handling execute_request: 7941038b-b90ec61798b369234a876769_538343_242
2025-12-09 17:29:38.733 [IPEngine.1] WARNING | No heartbeat in the last 3500 ms (1 time(s) in a row).
2025-12-10 09:41:14.471 [IPEngine.1] WARNING | No heartbeat in the last 3500 ms (1 time(s) in a row).
2025-12-10 13:14:41.018 [IPEngine.1] WARNING | No heartbeat in the last 3500 ms (1 time(s) in a row).
2025-12-10 15:31:14.865 [IPEngine.1] WARNING | No heartbeat in the last 3500 ms (1 time(s) in a row).
2025-12-10 15:43:33.290 [IPEngine.1] WARNING | No heartbeat in the last 3500 ms (1 time(s) in a row).
2025-12-10 19:05:43.985 [IPEngine.1] WARNING | No heartbeat in the last 3500 ms (1 time(s) in a row).
