2025-12-09 15:12:32.456 [IPEngine] Loading connection info from $IPP_CONNECTION_INFO
2025-12-09 15:12:32.457 [IPEngine] WARNING | Not using CurveZMQ security
2025-12-09 15:12:32.462 [IPEngine] Registering with controller at tcp://127.0.0.1:51453
2025-12-09 15:12:32.467 [IPEngine.4] Shell_addrs: ['tcp://127.0.0.1:51699', 'tcp://127.0.0.1:58531', 'tcp://127.0.0.1:45461']
2025-12-09 15:12:32.467 [IPEngine.4] Connecting shell to tcp://127.0.0.1:51699
2025-12-09 15:12:32.467 [IPEngine.4] Connecting shell to tcp://127.0.0.1:58531
2025-12-09 15:12:32.467 [IPEngine.4] Connecting shell to tcp://127.0.0.1:45461
2025-12-09 15:12:32.467 [IPEngine.4] Starting nanny
2025-12-09 15:12:33.145 [KernelNanny.4] Starting kernel nanny for engine 4, pid=543710, nanny pid=544667
2025-12-09 15:12:33.146 [KernelNanny.4] Nanny watching parent pid 543710.
2025-12-09 15:12:33.302 [IPEngine.4] Loading IPython extension: storemagic
2025-12-09 15:12:33.303 [IPEngine.4] Running file in user namespace: /etc/pythonstart
2025-12-09 15:12:33.311 [IPEngine.4] WARNING | debugpy_stream undefined, debugging will not be enabled
2025-12-09 15:12:33.321 [IPEngine.4] Starting to monitor the heartbeat signal from the hub every 3500 ms.
2025-12-09 15:12:33.321 [IPEngine.4] Completed registration with id 4
2025-12-09 15:12:51.954 [IPEngine.4] Handling apply_request: 7941038b-b90ec61798b369234a876769_538343_5
2025-12-09 15:12:52.471 [IPEngine.4] Handling apply_request: 7941038b-b90ec61798b369234a876769_538343_25
Warning: no DISPLAY environment variable.
--No graphics will be displayed.
2025-12-09 15:12:54.356 [IPEngine.4] Handling apply_request: 7941038b-b90ec61798b369234a876769_538343_45
2025-12-09 15:12:54.698 [IPEngine.4] Handling apply_request: 7941038b-b90ec61798b369234a876769_538343_65
2025-12-09 15:12:55.193 [IPEngine.4] Handling apply_request: 7941038b-b90ec61798b369234a876769_538343_85
2025-12-09 15:12:55.209 [IPEngine.4] Handling apply_request: 7941038b-b90ec61798b369234a876769_538343_105
2025-12-09 15:12:55.221 [IPEngine.4] Handling execute_request: 7941038b-b90ec61798b369234a876769_538343_125
2025-12-09 15:13:42.685 [IPEngine.4] Handling apply_request: 7941038b-b90ec61798b369234a876769_538343_145
2025-12-09 15:13:42.770 [IPEngine.4] Handling apply_request: 7941038b-b90ec61798b369234a876769_538343_165
2025-12-09 15:13:42.784 [IPEngine.4] Handling execute_request: 7941038b-b90ec61798b369234a876769_538343_185
2025-12-09 15:13:42.800 [IPEngine.4] Handling execute_request: 7941038b-b90ec61798b369234a876769_538343_205
2025-12-09 15:14:06.931 [IPEngine.4] Handling execute_request: 7941038b-b90ec61798b369234a876769_538343_225
2025-12-09 15:14:06.954 [IPEngine.4] Handling execute_request: 7941038b-b90ec61798b369234a876769_538343_245
2025-12-09 17:29:38.733 [IPEngine.4] WARNING | No heartbeat in the last 3500 ms (1 time(s) in a row).
2025-12-10 09:41:14.471 [IPEngine.4] WARNING | No heartbeat in the last 3500 ms (1 time(s) in a row).
2025-12-10 13:14:41.018 [IPEngine.4] WARNING | No heartbeat in the last 3500 ms (1 time(s) in a row).
2025-12-10 15:31:14.865 [IPEngine.4] WARNING | No heartbeat in the last 3500 ms (1 time(s) in a row).
2025-12-10 15:43:33.290 [IPEngine.4] WARNING | No heartbeat in the last 3500 ms (1 time(s) in a row).
2025-12-10 19:05:43.985 [IPEngine.4] WARNING | No heartbeat in the last 3500 ms (1 time(s) in a row).
