2025-12-09 15:12:34.099 [IPEngine] Loading connection info from $IPP_CONNECTION_INFO
2025-12-09 15:12:34.100 [IPEngine] WARNING | Not using CurveZMQ security
2025-12-09 15:12:34.102 [IPEngine] Registering with controller at tcp://127.0.0.1:51453
2025-12-09 15:12:34.105 [IPEngine.19] Shell_addrs: ['tcp://127.0.0.1:51699', 'tcp://127.0.0.1:58531', 'tcp://127.0.0.1:57545']
2025-12-09 15:12:34.105 [IPEngine.19] Connecting shell to tcp://127.0.0.1:51699
2025-12-09 15:12:34.105 [IPEngine.19] Connecting shell to tcp://127.0.0.1:58531
2025-12-09 15:12:34.105 [IPEngine.19] Connecting shell to tcp://127.0.0.1:57545
2025-12-09 15:12:34.105 [IPEngine.19] Starting nanny
2025-12-09 15:12:34.845 [KernelNanny.19] Starting kernel nanny for engine 19, pid=545605, nanny pid=546390
2025-12-09 15:12:34.845 [KernelNanny.19] Nanny watching parent pid 545605.
2025-12-09 15:12:34.951 [IPEngine.19] Loading IPython extension: storemagic
2025-12-09 15:12:34.952 [IPEngine.19] Running file in user namespace: /etc/pythonstart
2025-12-09 15:12:34.958 [IPEngine.19] WARNING | debugpy_stream undefined, debugging will not be enabled
2025-12-09 15:12:34.964 [IPEngine.19] Starting to monitor the heartbeat signal from the hub every 3500 ms.
2025-12-09 15:12:34.964 [IPEngine.19] Completed registration with id 19
2025-12-09 15:12:51.961 [IPEngine.19] Handling apply_request: 7941038b-b90ec61798b369234a876769_538343_20
2025-12-09 15:12:52.349 [IPEngine.19] Handling apply_request: 7941038b-b90ec61798b369234a876769_538343_40
Warning: no DISPLAY environment variable.
--No graphics will be displayed.
2025-12-09 15:12:54.321 [IPEngine.19] Handling apply_request: 7941038b-b90ec61798b369234a876769_538343_60
2025-12-09 15:12:54.693 [IPEngine.19] Handling apply_request: 7941038b-b90ec61798b369234a876769_538343_80
2025-12-09 15:12:55.194 [IPEngine.19] Handling apply_request: 7941038b-b90ec61798b369234a876769_538343_100
2025-12-09 15:12:55.211 [IPEngine.19] Handling apply_request: 7941038b-b90ec61798b369234a876769_538343_120
2025-12-09 15:12:55.224 [IPEngine.19] Handling execute_request: 7941038b-b90ec61798b369234a876769_538343_140
2025-12-09 15:13:42.687 [IPEngine.19] Handling apply_request: 7941038b-b90ec61798b369234a876769_538343_160
2025-12-09 15:13:42.770 [IPEngine.19] Handling apply_request: 7941038b-b90ec61798b369234a876769_538343_180
2025-12-09 15:13:42.785 [IPEngine.19] Handling execute_request: 7941038b-b90ec61798b369234a876769_538343_200
2025-12-09 15:13:42.801 [IPEngine.19] Handling execute_request: 7941038b-b90ec61798b369234a876769_538343_220
2025-12-09 15:14:05.966 [IPEngine.19] WARNING | No heartbeat in the last 3500 ms (1 time(s) in a row).
2025-12-09 15:14:06.932 [IPEngine.19] Handling execute_request: 7941038b-b90ec61798b369234a876769_538343_240
2025-12-09 15:14:06.955 [IPEngine.19] Handling execute_request: 7941038b-b90ec61798b369234a876769_538343_260
2025-12-09 20:13:56.198 [IPEngine.19] WARNING | No heartbeat in the last 3500 ms (1 time(s) in a row).
2025-12-10 13:32:02.087 [IPEngine.19] WARNING | No heartbeat in the last 3500 ms (1 time(s) in a row).
2025-12-10 14:36:47.154 [IPEngine.19] WARNING | No heartbeat in the last 3500 ms (1 time(s) in a row).
2025-12-10 15:51:20.198 [IPEngine.19] WARNING | No heartbeat in the last 3500 ms (1 time(s) in a row).
2025-12-10 18:59:59.482 [IPEngine.19] WARNING | No heartbeat in the last 3500 ms (1 time(s) in a row).
2025-12-10 19:22:02.141 [IPEngine.19] WARNING | No heartbeat in the last 3500 ms (1 time(s) in a row).
2025-12-10 19:33:34.970 [IPEngine.19] WARNING | No heartbeat in the last 3500 ms (1 time(s) in a row).
2025-12-10 20:17:02.831 [IPEngine.19] WARNING | No heartbeat in the last 3500 ms (1 time(s) in a row).
