2025-12-09 15:12:32.456 [IPEngine] Loading connection info from $IPP_CONNECTION_INFO
2025-12-09 15:12:32.457 [IPEngine] WARNING | Not using CurveZMQ security
2025-12-09 15:12:32.462 [IPEngine] Registering with controller at tcp://127.0.0.1:51453
2025-12-09 15:12:32.466 [IPEngine.3] Shell_addrs: ['tcp://127.0.0.1:51699', 'tcp://127.0.0.1:58531', 'tcp://127.0.0.1:57545']
2025-12-09 15:12:32.466 [IPEngine.3] Connecting shell to tcp://127.0.0.1:51699
2025-12-09 15:12:32.466 [IPEngine.3] Connecting shell to tcp://127.0.0.1:58531
2025-12-09 15:12:32.466 [IPEngine.3] Connecting shell to tcp://127.0.0.1:57545
2025-12-09 15:12:32.466 [IPEngine.3] Starting nanny
2025-12-09 15:12:33.128 [KernelNanny.3] Starting kernel nanny for engine 3, pid=543895, nanny pid=544665
2025-12-09 15:12:33.129 [KernelNanny.3] Nanny watching parent pid 543895.
2025-12-09 15:12:33.302 [IPEngine.3] Loading IPython extension: storemagic
2025-12-09 15:12:33.303 [IPEngine.3] Running file in user namespace: /etc/pythonstart
2025-12-09 15:12:33.311 [IPEngine.3] WARNING | debugpy_stream undefined, debugging will not be enabled
2025-12-09 15:12:33.320 [IPEngine.3] Starting to monitor the heartbeat signal from the hub every 3500 ms.
2025-12-09 15:12:33.320 [IPEngine.3] Completed registration with id 3
2025-12-09 15:12:51.954 [IPEngine.3] Handling apply_request: 7941038b-b90ec61798b369234a876769_538343_4
2025-12-09 15:12:52.784 [IPEngine.3] Handling apply_request: 7941038b-b90ec61798b369234a876769_538343_24
Warning: no DISPLAY environment variable.
--No graphics will be displayed.
2025-12-09 15:12:54.599 [IPEngine.3] Handling apply_request: 7941038b-b90ec61798b369234a876769_538343_44
2025-12-09 15:12:54.846 [IPEngine.3] Handling apply_request: 7941038b-b90ec61798b369234a876769_538343_64
2025-12-09 15:12:55.193 [IPEngine.3] Handling apply_request: 7941038b-b90ec61798b369234a876769_538343_84
2025-12-09 15:12:55.209 [IPEngine.3] Handling apply_request: 7941038b-b90ec61798b369234a876769_538343_104
2025-12-09 15:12:55.220 [IPEngine.3] Handling execute_request: 7941038b-b90ec61798b369234a876769_538343_124
2025-12-09 15:13:42.685 [IPEngine.3] Handling apply_request: 7941038b-b90ec61798b369234a876769_538343_144
2025-12-09 15:13:42.769 [IPEngine.3] Handling apply_request: 7941038b-b90ec61798b369234a876769_538343_164
2025-12-09 15:13:42.783 [IPEngine.3] Handling execute_request: 7941038b-b90ec61798b369234a876769_538343_184
2025-12-09 15:13:42.801 [IPEngine.3] Handling execute_request: 7941038b-b90ec61798b369234a876769_538343_204
2025-12-09 15:14:06.931 [IPEngine.3] Handling execute_request: 7941038b-b90ec61798b369234a876769_538343_224
2025-12-09 15:14:06.953 [IPEngine.3] Handling execute_request: 7941038b-b90ec61798b369234a876769_538343_244
2025-12-09 17:29:38.733 [IPEngine.3] WARNING | No heartbeat in the last 3500 ms (1 time(s) in a row).
2025-12-10 09:41:14.472 [IPEngine.3] WARNING | No heartbeat in the last 3500 ms (1 time(s) in a row).
2025-12-10 13:14:41.018 [IPEngine.3] WARNING | No heartbeat in the last 3500 ms (1 time(s) in a row).
2025-12-10 15:31:14.865 [IPEngine.3] WARNING | No heartbeat in the last 3500 ms (1 time(s) in a row).
2025-12-10 15:43:33.290 [IPEngine.3] WARNING | No heartbeat in the last 3500 ms (1 time(s) in a row).
2025-12-10 19:05:43.985 [IPEngine.3] WARNING | No heartbeat in the last 3500 ms (1 time(s) in a row).
